"[{\"description\":\"Testing New Window|Window Handles\",\"passed\":false,\"pending\":false,\"os\":\"Windows\",\"instanceId\":14856,\"browser\":{\"name\":\"chrome\",\"version\":\"100.0.4896.60\"},\"message\":[\"Expected '2' to be '4'.\",\"Expected '2' to be '4'.\"],\"trace\":[\"Error: Failed expectation\\n    at C:\\\\Users\\\\rohith\\\\Documents\\\\JavaScripts\\\\ProtractorWithTypeScript\\\\WindowHundles.ts:18:33\\n    at ManagedPromise.invokeCallback_ (C:\\\\Users\\\\rohith\\\\AppData\\\\Roaming\\\\npm\\\\node_modules\\\\protractor\\\\node_modules\\\\selenium-webdriver\\\\lib\\\\promise.js:1376:14)\\n    at TaskQueue.execute_ (C:\\\\Users\\\\rohith\\\\AppData\\\\Roaming\\\\npm\\\\node_modules\\\\protractor\\\\node_modules\\\\selenium-webdriver\\\\lib\\\\promise.js:3084:14)\\n    at TaskQueue.executeNext_ (C:\\\\Users\\\\rohith\\\\AppData\\\\Roaming\\\\npm\\\\node_modules\\\\protractor\\\\node_modules\\\\selenium-webdriver\\\\lib\\\\promise.js:3067:27)\\n    at C:\\\\Users\\\\rohith\\\\AppData\\\\Roaming\\\\npm\\\\node_modules\\\\protractor\\\\node_modules\\\\selenium-webdriver\\\\lib\\\\promise.js:2927:27\\n    at C:\\\\Users\\\\rohith\\\\AppData\\\\Roaming\\\\npm\\\\node_modules\\\\protractor\\\\node_modules\\\\selenium-webdriver\\\\lib\\\\promise.js:668:7\\n    at processTicksAndRejections (node:internal/process/task_queues:96:5)\",\"Error: Failed expectation\\n    at C:\\\\Users\\\\rohith\\\\Documents\\\\JavaScripts\\\\ProtractorWithTypeScript\\\\WindowHundles.ts:18:33\\n    at ManagedPromise.invokeCallback_ (C:\\\\Users\\\\rohith\\\\AppData\\\\Roaming\\\\npm\\\\node_modules\\\\protractor\\\\node_modules\\\\selenium-webdriver\\\\lib\\\\promise.js:1376:14)\\n    at TaskQueue.execute_ (C:\\\\Users\\\\rohith\\\\AppData\\\\Roaming\\\\npm\\\\node_modules\\\\protractor\\\\node_modules\\\\selenium-webdriver\\\\lib\\\\promise.js:3084:14)\\n    at TaskQueue.executeNext_ (C:\\\\Users\\\\rohith\\\\AppData\\\\Roaming\\\\npm\\\\node_modules\\\\protractor\\\\node_modules\\\\selenium-webdriver\\\\lib\\\\promise.js:3067:27)\\n    at C:\\\\Users\\\\rohith\\\\AppData\\\\Roaming\\\\npm\\\\node_modules\\\\protractor\\\\node_modules\\\\selenium-webdriver\\\\lib\\\\promise.js:2927:27\\n    at C:\\\\Users\\\\rohith\\\\AppData\\\\Roaming\\\\npm\\\\node_modules\\\\protractor\\\\node_modules\\\\selenium-webdriver\\\\lib\\\\promise.js:668:7\\n    at processTicksAndRejections (node:internal/process/task_queues:96:5)\"],\"browserLogs\":[],\"screenShotFile\":\"00950082-0080-001c-0011-00fa000400ae.png\",\"timestamp\":1648657226705,\"duration\":19610},{\"description\":\"Testing New Window|Window Handles\",\"passed\":false,\"pending\":false,\"os\":\"Windows\",\"instanceId\":10424,\"browser\":{\"name\":\"chrome\",\"version\":\"100.0.4896.60\"},\"message\":[\"Failed: No element found using locator: by.cssContainingText(\\\"option\\\", \\\"+\\\")\"],\"trace\":[\"NoSuchElementError: No element found using locator: by.cssContainingText(\\\"option\\\", \\\"+\\\")\\n    at C:\\\\Users\\\\rohith\\\\AppData\\\\Roaming\\\\npm\\\\node_modules\\\\protractor\\\\built\\\\element.js:814:27\\n    at ManagedPromise.invokeCallback_ (C:\\\\Users\\\\rohith\\\\AppData\\\\Roaming\\\\npm\\\\node_modules\\\\protractor\\\\node_modules\\\\selenium-webdriver\\\\lib\\\\promise.js:1376:14)\\n    at TaskQueue.execute_ (C:\\\\Users\\\\rohith\\\\AppData\\\\Roaming\\\\npm\\\\node_modules\\\\protractor\\\\node_modules\\\\selenium-webdriver\\\\lib\\\\promise.js:3084:14)\\n    at TaskQueue.executeNext_ (C:\\\\Users\\\\rohith\\\\AppData\\\\Roaming\\\\npm\\\\node_modules\\\\protractor\\\\node_modules\\\\selenium-webdriver\\\\lib\\\\promise.js:3067:27)\\n    at C:\\\\Users\\\\rohith\\\\AppData\\\\Roaming\\\\npm\\\\node_modules\\\\protractor\\\\node_modules\\\\selenium-webdriver\\\\lib\\\\promise.js:2927:27\\n    at C:\\\\Users\\\\rohith\\\\AppData\\\\Roaming\\\\npm\\\\node_modules\\\\protractor\\\\node_modules\\\\selenium-webdriver\\\\lib\\\\promise.js:668:7\\n    at processTicksAndRejections (node:internal/process/task_queues:96:5)Error\\n    at ElementArrayFinder.applyAction_ (C:\\\\Users\\\\rohith\\\\AppData\\\\Roaming\\\\npm\\\\node_modules\\\\protractor\\\\built\\\\element.js:459:27)\\n    at ElementArrayFinder.<computed> [as click] (C:\\\\Users\\\\rohith\\\\AppData\\\\Roaming\\\\npm\\\\node_modules\\\\protractor\\\\built\\\\element.js:91:29)\\n    at ElementFinder.<computed> [as click] (C:\\\\Users\\\\rohith\\\\AppData\\\\Roaming\\\\npm\\\\node_modules\\\\protractor\\\\built\\\\element.js:831:22)\\n    at C:\\\\Users\\\\rohith\\\\Documents\\\\JavaScripts\\\\ProtractorWithTypeScript\\\\DropDown.ts:9:60\\n    at Generator.next (<anonymous>)\\n    at fulfilled (C:\\\\Users\\\\rohith\\\\Documents\\\\JavaScripts\\\\ProtractorWithTypeScript\\\\JSFile\\\\DropDown.js:5:58)\\n    at processTicksAndRejections (node:internal/process/task_queues:96:5)\\nFrom: Task: Run it(\\\"Testing New Window\\\") in control flow\\n    at UserContext.<anonymous> (C:\\\\Users\\\\rohith\\\\AppData\\\\Roaming\\\\npm\\\\node_modules\\\\protractor\\\\node_modules\\\\jasminewd2\\\\index.js:94:19)\\n    at attempt (C:\\\\Users\\\\rohith\\\\AppData\\\\Roaming\\\\npm\\\\node_modules\\\\protractor\\\\node_modules\\\\jasmine-core\\\\lib\\\\jasmine-core\\\\jasmine.js:4297:26)\\n    at QueueRunner.run (C:\\\\Users\\\\rohith\\\\AppData\\\\Roaming\\\\npm\\\\node_modules\\\\protractor\\\\node_modules\\\\jasmine-core\\\\lib\\\\jasmine-core\\\\jasmine.js:4217:20)\\n    at runNext (C:\\\\Users\\\\rohith\\\\AppData\\\\Roaming\\\\npm\\\\node_modules\\\\protractor\\\\node_modules\\\\jasmine-core\\\\lib\\\\jasmine-core\\\\jasmine.js:4257:20)\\n    at C:\\\\Users\\\\rohith\\\\AppData\\\\Roaming\\\\npm\\\\node_modules\\\\protractor\\\\node_modules\\\\jasmine-core\\\\lib\\\\jasmine-core\\\\jasmine.js:4264:13\\n    at C:\\\\Users\\\\rohith\\\\AppData\\\\Roaming\\\\npm\\\\node_modules\\\\protractor\\\\node_modules\\\\jasmine-core\\\\lib\\\\jasmine-core\\\\jasmine.js:4172:9\\n    at C:\\\\Users\\\\rohith\\\\AppData\\\\Roaming\\\\npm\\\\node_modules\\\\protractor\\\\node_modules\\\\jasminewd2\\\\index.js:64:48\\n    at ControlFlow.emit (C:\\\\Users\\\\rohith\\\\AppData\\\\Roaming\\\\npm\\\\node_modules\\\\protractor\\\\node_modules\\\\selenium-webdriver\\\\lib\\\\events.js:62:21)\\n    at ControlFlow.shutdown_ (C:\\\\Users\\\\rohith\\\\AppData\\\\Roaming\\\\npm\\\\node_modules\\\\protractor\\\\node_modules\\\\selenium-webdriver\\\\lib\\\\promise.js:2674:10)\\n    at C:\\\\Users\\\\rohith\\\\AppData\\\\Roaming\\\\npm\\\\node_modules\\\\protractor\\\\node_modules\\\\selenium-webdriver\\\\lib\\\\promise.js:2599:53\\nFrom asynchronous test: \\nError\\n    at Suite.<anonymous> (C:\\\\Users\\\\rohith\\\\Documents\\\\JavaScripts\\\\ProtractorWithTypeScript\\\\DropDown.ts:5:5)\\n    at addSpecsToSuite (C:\\\\Users\\\\rohith\\\\AppData\\\\Roaming\\\\npm\\\\node_modules\\\\protractor\\\\node_modules\\\\jasmine-core\\\\lib\\\\jasmine-core\\\\jasmine.js:1107:25)\\n    at Env.describe (C:\\\\Users\\\\rohith\\\\AppData\\\\Roaming\\\\npm\\\\node_modules\\\\protractor\\\\node_modules\\\\jasmine-core\\\\lib\\\\jasmine-core\\\\jasmine.js:1074:7)\\n    at describe (C:\\\\Users\\\\rohith\\\\AppData\\\\Roaming\\\\npm\\\\node_modules\\\\protractor\\\\node_modules\\\\jasmine-core\\\\lib\\\\jasmine-core\\\\jasmine.js:4399:18)\\n    at Object.<anonymous> (C:\\\\Users\\\\rohith\\\\Documents\\\\JavaScripts\\\\ProtractorWithTypeScript\\\\DropDown.ts:4:1)\\n    at Module._compile (node:internal/modules/cjs/loader:1103:14)\\n    at Object.Module._extensions..js (node:internal/modules/cjs/loader:1157:10)\\n    at Module.load (node:internal/modules/cjs/loader:981:32)\\n    at Function.Module._load (node:internal/modules/cjs/loader:822:12)\"],\"browserLogs\":[],\"screenShotFile\":\"004800eb-003d-0040-00e2-006700b700e0.png\",\"timestamp\":1648698725252,\"duration\":3078},{\"description\":\"Testing New Window|Window Handles\",\"passed\":false,\"pending\":false,\"os\":\"Windows\",\"instanceId\":16936,\"browser\":{\"name\":\"chrome\",\"version\":\"100.0.4896.60\"},\"message\":[\"Failed: No element found using locator: by.cssContainingText(\\\"option\\\", \\\"+\\\")\"],\"trace\":[\"NoSuchElementError: No element found using locator: by.cssContainingText(\\\"option\\\", \\\"+\\\")\\n    at C:\\\\Users\\\\rohith\\\\AppData\\\\Roaming\\\\npm\\\\node_modules\\\\protractor\\\\built\\\\element.js:814:27\\n    at ManagedPromise.invokeCallback_ (C:\\\\Users\\\\rohith\\\\AppData\\\\Roaming\\\\npm\\\\node_modules\\\\protractor\\\\node_modules\\\\selenium-webdriver\\\\lib\\\\promise.js:1376:14)\\n    at TaskQueue.execute_ (C:\\\\Users\\\\rohith\\\\AppData\\\\Roaming\\\\npm\\\\node_modules\\\\protractor\\\\node_modules\\\\selenium-webdriver\\\\lib\\\\promise.js:3084:14)\\n    at TaskQueue.executeNext_ (C:\\\\Users\\\\rohith\\\\AppData\\\\Roaming\\\\npm\\\\node_modules\\\\protractor\\\\node_modules\\\\selenium-webdriver\\\\lib\\\\promise.js:3067:27)\\n    at C:\\\\Users\\\\rohith\\\\AppData\\\\Roaming\\\\npm\\\\node_modules\\\\protractor\\\\node_modules\\\\selenium-webdriver\\\\lib\\\\promise.js:2927:27\\n    at C:\\\\Users\\\\rohith\\\\AppData\\\\Roaming\\\\npm\\\\node_modules\\\\protractor\\\\node_modules\\\\selenium-webdriver\\\\lib\\\\promise.js:668:7\\n    at processTicksAndRejections (node:internal/process/task_queues:96:5)Error\\n    at ElementArrayFinder.applyAction_ (C:\\\\Users\\\\rohith\\\\AppData\\\\Roaming\\\\npm\\\\node_modules\\\\protractor\\\\built\\\\element.js:459:27)\\n    at ElementArrayFinder.<computed> [as click] (C:\\\\Users\\\\rohith\\\\AppData\\\\Roaming\\\\npm\\\\node_modules\\\\protractor\\\\built\\\\element.js:91:29)\\n    at ElementFinder.<computed> [as click] (C:\\\\Users\\\\rohith\\\\AppData\\\\Roaming\\\\npm\\\\node_modules\\\\protractor\\\\built\\\\element.js:831:22)\\n    at C:\\\\Users\\\\rohith\\\\Documents\\\\JavaScripts\\\\ProtractorWithTypeScript\\\\DropDown.ts:9:60\\n    at Generator.next (<anonymous>)\\n    at fulfilled (C:\\\\Users\\\\rohith\\\\Documents\\\\JavaScripts\\\\ProtractorWithTypeScript\\\\JSFile\\\\DropDown.js:5:58)\\n    at processTicksAndRejections (node:internal/process/task_queues:96:5)\\nFrom: Task: Run it(\\\"Testing New Window\\\") in control flow\\n    at UserContext.<anonymous> (C:\\\\Users\\\\rohith\\\\AppData\\\\Roaming\\\\npm\\\\node_modules\\\\protractor\\\\node_modules\\\\jasminewd2\\\\index.js:94:19)\\n    at attempt (C:\\\\Users\\\\rohith\\\\AppData\\\\Roaming\\\\npm\\\\node_modules\\\\protractor\\\\node_modules\\\\jasmine-core\\\\lib\\\\jasmine-core\\\\jasmine.js:4297:26)\\n    at QueueRunner.run (C:\\\\Users\\\\rohith\\\\AppData\\\\Roaming\\\\npm\\\\node_modules\\\\protractor\\\\node_modules\\\\jasmine-core\\\\lib\\\\jasmine-core\\\\jasmine.js:4217:20)\\n    at runNext (C:\\\\Users\\\\rohith\\\\AppData\\\\Roaming\\\\npm\\\\node_modules\\\\protractor\\\\node_modules\\\\jasmine-core\\\\lib\\\\jasmine-core\\\\jasmine.js:4257:20)\\n    at C:\\\\Users\\\\rohith\\\\AppData\\\\Roaming\\\\npm\\\\node_modules\\\\protractor\\\\node_modules\\\\jasmine-core\\\\lib\\\\jasmine-core\\\\jasmine.js:4264:13\\n    at C:\\\\Users\\\\rohith\\\\AppData\\\\Roaming\\\\npm\\\\node_modules\\\\protractor\\\\node_modules\\\\jasmine-core\\\\lib\\\\jasmine-core\\\\jasmine.js:4172:9\\n    at C:\\\\Users\\\\rohith\\\\AppData\\\\Roaming\\\\npm\\\\node_modules\\\\protractor\\\\node_modules\\\\jasminewd2\\\\index.js:64:48\\n    at ControlFlow.emit (C:\\\\Users\\\\rohith\\\\AppData\\\\Roaming\\\\npm\\\\node_modules\\\\protractor\\\\node_modules\\\\selenium-webdriver\\\\lib\\\\events.js:62:21)\\n    at ControlFlow.shutdown_ (C:\\\\Users\\\\rohith\\\\AppData\\\\Roaming\\\\npm\\\\node_modules\\\\protractor\\\\node_modules\\\\selenium-webdriver\\\\lib\\\\promise.js:2674:10)\\n    at C:\\\\Users\\\\rohith\\\\AppData\\\\Roaming\\\\npm\\\\node_modules\\\\protractor\\\\node_modules\\\\selenium-webdriver\\\\lib\\\\promise.js:2599:53\\nFrom asynchronous test: \\nError\\n    at Suite.<anonymous> (C:\\\\Users\\\\rohith\\\\Documents\\\\JavaScripts\\\\ProtractorWithTypeScript\\\\DropDown.ts:5:5)\\n    at addSpecsToSuite (C:\\\\Users\\\\rohith\\\\AppData\\\\Roaming\\\\npm\\\\node_modules\\\\protractor\\\\node_modules\\\\jasmine-core\\\\lib\\\\jasmine-core\\\\jasmine.js:1107:25)\\n    at Env.describe (C:\\\\Users\\\\rohith\\\\AppData\\\\Roaming\\\\npm\\\\node_modules\\\\protractor\\\\node_modules\\\\jasmine-core\\\\lib\\\\jasmine-core\\\\jasmine.js:1074:7)\\n    at describe (C:\\\\Users\\\\rohith\\\\AppData\\\\Roaming\\\\npm\\\\node_modules\\\\protractor\\\\node_modules\\\\jasmine-core\\\\lib\\\\jasmine-core\\\\jasmine.js:4399:18)\\n    at Object.<anonymous> (C:\\\\Users\\\\rohith\\\\Documents\\\\JavaScripts\\\\ProtractorWithTypeScript\\\\DropDown.ts:4:1)\\n    at Module._compile (node:internal/modules/cjs/loader:1103:14)\\n    at Object.Module._extensions..js (node:internal/modules/cjs/loader:1157:10)\\n    at Module.load (node:internal/modules/cjs/loader:981:32)\\n    at Function.Module._load (node:internal/modules/cjs/loader:822:12)\"],\"browserLogs\":[],\"screenShotFile\":\"00500002-0030-008e-007f-000b007a004a.png\",\"timestamp\":1648698752609,\"duration\":2651},{\"description\":\"Testing New Window|Window Handles\",\"passed\":true,\"pending\":false,\"os\":\"Windows\",\"instanceId\":3592,\"browser\":{\"name\":\"chrome\",\"version\":\"100.0.4896.60\"},\"message\":\"Passed\",\"browserLogs\":[{\"level\":\"WARNING\",\"message\":\"security - Error with Permissions-Policy header: Unrecognized feature: 'interest-cohort'.\",\"timestamp\":1648698767946,\"type\":\"\"},{\"level\":\"SEVERE\",\"message\":\"https://juliemr.github.io/favicon.ico - Failed to load resource: the server responded with a status of 404 ()\",\"timestamp\":1648698768298,\"type\":\"\"}],\"timestamp\":1648698767585,\"duration\":5816},{\"description\":\"Testing New Window|Window Handles\",\"passed\":true,\"pending\":false,\"os\":\"Windows\",\"instanceId\":13592,\"browser\":{\"name\":\"chrome\",\"version\":\"100.0.4896.60\"},\"message\":\"Passed\",\"browserLogs\":[{\"level\":\"WARNING\",\"message\":\"security - Error with Permissions-Policy header: Unrecognized feature: 'interest-cohort'.\",\"timestamp\":1648698834704,\"type\":\"\"},{\"level\":\"SEVERE\",\"message\":\"https://juliemr.github.io/favicon.ico - Failed to load resource: the server responded with a status of 404 ()\",\"timestamp\":1648698834947,\"type\":\"\"}],\"timestamp\":1648698834625,\"duration\":5381},{\"description\":\"Testing New Window|Window Handles\",\"passed\":false,\"pending\":false,\"os\":\"Windows\",\"instanceId\":12328,\"browser\":{\"name\":\"chrome\",\"version\":\"100.0.4896.60\"},\"message\":[\"Failed: invalid argument: File not found : ./allure-results/allure-results\\n  (Session info: chrome=100.0.4896.60)\\n  (Driver info: chromedriver=99.0.4844.51 (d537ec02474b5afe23684e7963d538896c63ac77-refs/branch-heads/4844@{#875}),platform=Windows NT 10.0.19044 x86_64)\"],\"trace\":[\"WebDriverError: invalid argument: File not found : ./allure-results/allure-results\\n  (Session info: chrome=100.0.4896.60)\\n  (Driver info: chromedriver=99.0.4844.51 (d537ec02474b5afe23684e7963d538896c63ac77-refs/branch-heads/4844@{#875}),platform=Windows NT 10.0.19044 x86_64)\\n    at Object.checkLegacyResponse (C:\\\\Users\\\\rohith\\\\AppData\\\\Roaming\\\\npm\\\\node_modules\\\\protractor\\\\node_modules\\\\selenium-webdriver\\\\lib\\\\error.js:546:15)\\n    at parseHttpResponse (C:\\\\Users\\\\rohith\\\\AppData\\\\Roaming\\\\npm\\\\node_modules\\\\protractor\\\\node_modules\\\\selenium-webdriver\\\\lib\\\\http.js:509:13)\\n    at C:\\\\Users\\\\rohith\\\\AppData\\\\Roaming\\\\npm\\\\node_modules\\\\protractor\\\\node_modules\\\\selenium-webdriver\\\\lib\\\\http.js:441:30\\n    at processTicksAndRejections (node:internal/process/task_queues:96:5)\\nFrom: Task: WebElement.sendKeys()\\n    at Driver.schedule (C:\\\\Users\\\\rohith\\\\AppData\\\\Roaming\\\\npm\\\\node_modules\\\\protractor\\\\node_modules\\\\selenium-webdriver\\\\lib\\\\webdriver.js:807:17)\\n    at WebElement.schedule_ (C:\\\\Users\\\\rohith\\\\AppData\\\\Roaming\\\\npm\\\\node_modules\\\\protractor\\\\node_modules\\\\selenium-webdriver\\\\lib\\\\webdriver.js:2010:25)\\n    at WebElement.sendKeys (C:\\\\Users\\\\rohith\\\\AppData\\\\Roaming\\\\npm\\\\node_modules\\\\protractor\\\\node_modules\\\\selenium-webdriver\\\\lib\\\\webdriver.js:2174:19)\\n    at actionFn (C:\\\\Users\\\\rohith\\\\AppData\\\\Roaming\\\\npm\\\\node_modules\\\\protractor\\\\built\\\\element.js:89:44)\\n    at Array.map (<anonymous>)\\n    at C:\\\\Users\\\\rohith\\\\AppData\\\\Roaming\\\\npm\\\\node_modules\\\\protractor\\\\built\\\\element.js:461:65\\n    at ManagedPromise.invokeCallback_ (C:\\\\Users\\\\rohith\\\\AppData\\\\Roaming\\\\npm\\\\node_modules\\\\protractor\\\\node_modules\\\\selenium-webdriver\\\\lib\\\\promise.js:1376:14)\\n    at TaskQueue.execute_ (C:\\\\Users\\\\rohith\\\\AppData\\\\Roaming\\\\npm\\\\node_modules\\\\protractor\\\\node_modules\\\\selenium-webdriver\\\\lib\\\\promise.js:3084:14)\\n    at TaskQueue.executeNext_ (C:\\\\Users\\\\rohith\\\\AppData\\\\Roaming\\\\npm\\\\node_modules\\\\protractor\\\\node_modules\\\\selenium-webdriver\\\\lib\\\\promise.js:3067:27)\\n    at C:\\\\Users\\\\rohith\\\\AppData\\\\Roaming\\\\npm\\\\node_modules\\\\protractor\\\\node_modules\\\\selenium-webdriver\\\\lib\\\\promise.js:2927:27Error\\n    at ElementArrayFinder.applyAction_ (C:\\\\Users\\\\rohith\\\\AppData\\\\Roaming\\\\npm\\\\node_modules\\\\protractor\\\\built\\\\element.js:459:27)\\n    at ElementArrayFinder.<computed> [as sendKeys] (C:\\\\Users\\\\rohith\\\\AppData\\\\Roaming\\\\npm\\\\node_modules\\\\protractor\\\\built\\\\element.js:91:29)\\n    at ElementFinder.<computed> [as sendKeys] (C:\\\\Users\\\\rohith\\\\AppData\\\\Roaming\\\\npm\\\\node_modules\\\\protractor\\\\built\\\\element.js:831:22)\\n    at C:\\\\Users\\\\rohith\\\\Documents\\\\JavaScripts\\\\ProtractorWithTypeScript\\\\DropDown.ts:10:19\\n    at Generator.next (<anonymous>)\\n    at fulfilled (C:\\\\Users\\\\rohith\\\\Documents\\\\JavaScripts\\\\ProtractorWithTypeScript\\\\JSFile\\\\DropDown.js:5:58)\\n    at processTicksAndRejections (node:internal/process/task_queues:96:5)\\nFrom: Task: Run it(\\\"Testing New Window\\\") in control flow\\n    at UserContext.<anonymous> (C:\\\\Users\\\\rohith\\\\AppData\\\\Roaming\\\\npm\\\\node_modules\\\\protractor\\\\node_modules\\\\jasminewd2\\\\index.js:94:19)\\n    at attempt (C:\\\\Users\\\\rohith\\\\AppData\\\\Roaming\\\\npm\\\\node_modules\\\\protractor\\\\node_modules\\\\jasmine-core\\\\lib\\\\jasmine-core\\\\jasmine.js:4297:26)\\n    at QueueRunner.run (C:\\\\Users\\\\rohith\\\\AppData\\\\Roaming\\\\npm\\\\node_modules\\\\protractor\\\\node_modules\\\\jasmine-core\\\\lib\\\\jasmine-core\\\\jasmine.js:4217:20)\\n    at runNext (C:\\\\Users\\\\rohith\\\\AppData\\\\Roaming\\\\npm\\\\node_modules\\\\protractor\\\\node_modules\\\\jasmine-core\\\\lib\\\\jasmine-core\\\\jasmine.js:4257:20)\\n    at C:\\\\Users\\\\rohith\\\\AppData\\\\Roaming\\\\npm\\\\node_modules\\\\protractor\\\\node_modules\\\\jasmine-core\\\\lib\\\\jasmine-core\\\\jasmine.js:4264:13\\n    at C:\\\\Users\\\\rohith\\\\AppData\\\\Roaming\\\\npm\\\\node_modules\\\\protractor\\\\node_modules\\\\jasmine-core\\\\lib\\\\jasmine-core\\\\jasmine.js:4172:9\\n    at C:\\\\Users\\\\rohith\\\\AppData\\\\Roaming\\\\npm\\\\node_modules\\\\protractor\\\\node_modules\\\\jasminewd2\\\\index.js:64:48\\n    at ControlFlow.emit (C:\\\\Users\\\\rohith\\\\AppData\\\\Roaming\\\\npm\\\\node_modules\\\\protractor\\\\node_modules\\\\selenium-webdriver\\\\lib\\\\events.js:62:21)\\n    at ControlFlow.shutdown_ (C:\\\\Users\\\\rohith\\\\AppData\\\\Roaming\\\\npm\\\\node_modules\\\\protractor\\\\node_modules\\\\selenium-webdriver\\\\lib\\\\promise.js:2674:10)\\n    at C:\\\\Users\\\\rohith\\\\AppData\\\\Roaming\\\\npm\\\\node_modules\\\\protractor\\\\node_modules\\\\selenium-webdriver\\\\lib\\\\promise.js:2599:53\\nFrom asynchronous test: \\nError\\n    at Suite.<anonymous> (C:\\\\Users\\\\rohith\\\\Documents\\\\JavaScripts\\\\ProtractorWithTypeScript\\\\DropDown.ts:5:5)\\n    at addSpecsToSuite (C:\\\\Users\\\\rohith\\\\AppData\\\\Roaming\\\\npm\\\\node_modules\\\\protractor\\\\node_modules\\\\jasmine-core\\\\lib\\\\jasmine-core\\\\jasmine.js:1107:25)\\n    at Env.describe (C:\\\\Users\\\\rohith\\\\AppData\\\\Roaming\\\\npm\\\\node_modules\\\\protractor\\\\node_modules\\\\jasmine-core\\\\lib\\\\jasmine-core\\\\jasmine.js:1074:7)\\n    at describe (C:\\\\Users\\\\rohith\\\\AppData\\\\Roaming\\\\npm\\\\node_modules\\\\protractor\\\\node_modules\\\\jasmine-core\\\\lib\\\\jasmine-core\\\\jasmine.js:4399:18)\\n    at Object.<anonymous> (C:\\\\Users\\\\rohith\\\\Documents\\\\JavaScripts\\\\ProtractorWithTypeScript\\\\DropDown.ts:4:1)\\n    at Module._compile (node:internal/modules/cjs/loader:1103:14)\\n    at Object.Module._extensions..js (node:internal/modules/cjs/loader:1157:10)\\n    at Module.load (node:internal/modules/cjs/loader:981:32)\\n    at Function.Module._load (node:internal/modules/cjs/loader:822:12)\"],\"browserLogs\":[{\"level\":\"WARNING\",\"message\":\"https://www.sendgb.com/src/plugins/ion-sound/ion.sound.js?v=6.1.5 9 The AudioContext was not allowed to start. It must be resumed (or created) after a user gesture on the page. https://goo.gl/7K7WLu\",\"timestamp\":1648699762212,\"type\":\"\"}],\"screenShotFile\":\"00a100ba-000b-009d-0025-00f700b4000c.png\",\"timestamp\":1648699758821,\"duration\":5353},{\"description\":\"Testing New Window|Window Handles\",\"passed\":false,\"pending\":false,\"os\":\"Windows\",\"instanceId\":15368,\"browser\":{\"name\":\"chrome\",\"version\":\"100.0.4896.60\"},\"message\":[\"Failed: unknown error: path is not absolute: ./allure-results/demo.png\\n  (Session info: chrome=100.0.4896.60)\\n  (Driver info: chromedriver=99.0.4844.51 (d537ec02474b5afe23684e7963d538896c63ac77-refs/branch-heads/4844@{#875}),platform=Windows NT 10.0.19044 x86_64)\"],\"trace\":[\"WebDriverError: unknown error: path is not absolute: ./allure-results/demo.png\\n  (Session info: chrome=100.0.4896.60)\\n  (Driver info: chromedriver=99.0.4844.51 (d537ec02474b5afe23684e7963d538896c63ac77-refs/branch-heads/4844@{#875}),platform=Windows NT 10.0.19044 x86_64)\\n    at Object.checkLegacyResponse (C:\\\\Users\\\\rohith\\\\AppData\\\\Roaming\\\\npm\\\\node_modules\\\\protractor\\\\node_modules\\\\selenium-webdriver\\\\lib\\\\error.js:546:15)\\n    at parseHttpResponse (C:\\\\Users\\\\rohith\\\\AppData\\\\Roaming\\\\npm\\\\node_modules\\\\protractor\\\\node_modules\\\\selenium-webdriver\\\\lib\\\\http.js:509:13)\\n    at C:\\\\Users\\\\rohith\\\\AppData\\\\Roaming\\\\npm\\\\node_modules\\\\protractor\\\\node_modules\\\\selenium-webdriver\\\\lib\\\\http.js:441:30\\n    at processTicksAndRejections (node:internal/process/task_queues:96:5)\\nFrom: Task: WebElement.sendKeys()\\n    at Driver.schedule (C:\\\\Users\\\\rohith\\\\AppData\\\\Roaming\\\\npm\\\\node_modules\\\\protractor\\\\node_modules\\\\selenium-webdriver\\\\lib\\\\webdriver.js:807:17)\\n    at WebElement.schedule_ (C:\\\\Users\\\\rohith\\\\AppData\\\\Roaming\\\\npm\\\\node_modules\\\\protractor\\\\node_modules\\\\selenium-webdriver\\\\lib\\\\webdriver.js:2010:25)\\n    at WebElement.sendKeys (C:\\\\Users\\\\rohith\\\\AppData\\\\Roaming\\\\npm\\\\node_modules\\\\protractor\\\\node_modules\\\\selenium-webdriver\\\\lib\\\\webdriver.js:2174:19)\\n    at actionFn (C:\\\\Users\\\\rohith\\\\AppData\\\\Roaming\\\\npm\\\\node_modules\\\\protractor\\\\built\\\\element.js:89:44)\\n    at Array.map (<anonymous>)\\n    at C:\\\\Users\\\\rohith\\\\AppData\\\\Roaming\\\\npm\\\\node_modules\\\\protractor\\\\built\\\\element.js:461:65\\n    at ManagedPromise.invokeCallback_ (C:\\\\Users\\\\rohith\\\\AppData\\\\Roaming\\\\npm\\\\node_modules\\\\protractor\\\\node_modules\\\\selenium-webdriver\\\\lib\\\\promise.js:1376:14)\\n    at TaskQueue.execute_ (C:\\\\Users\\\\rohith\\\\AppData\\\\Roaming\\\\npm\\\\node_modules\\\\protractor\\\\node_modules\\\\selenium-webdriver\\\\lib\\\\promise.js:3084:14)\\n    at TaskQueue.executeNext_ (C:\\\\Users\\\\rohith\\\\AppData\\\\Roaming\\\\npm\\\\node_modules\\\\protractor\\\\node_modules\\\\selenium-webdriver\\\\lib\\\\promise.js:3067:27)\\n    at C:\\\\Users\\\\rohith\\\\AppData\\\\Roaming\\\\npm\\\\node_modules\\\\protractor\\\\node_modules\\\\selenium-webdriver\\\\lib\\\\promise.js:2927:27Error\\n    at ElementArrayFinder.applyAction_ (C:\\\\Users\\\\rohith\\\\AppData\\\\Roaming\\\\npm\\\\node_modules\\\\protractor\\\\built\\\\element.js:459:27)\\n    at ElementArrayFinder.<computed> [as sendKeys] (C:\\\\Users\\\\rohith\\\\AppData\\\\Roaming\\\\npm\\\\node_modules\\\\protractor\\\\built\\\\element.js:91:29)\\n    at ElementFinder.<computed> [as sendKeys] (C:\\\\Users\\\\rohith\\\\AppData\\\\Roaming\\\\npm\\\\node_modules\\\\protractor\\\\built\\\\element.js:831:22)\\n    at C:\\\\Users\\\\rohith\\\\Documents\\\\JavaScripts\\\\ProtractorWithTypeScript\\\\DropDown.ts:10:19\\n    at Generator.next (<anonymous>)\\n    at fulfilled (C:\\\\Users\\\\rohith\\\\Documents\\\\JavaScripts\\\\ProtractorWithTypeScript\\\\JSFile\\\\DropDown.js:5:58)\\n    at processTicksAndRejections (node:internal/process/task_queues:96:5)\\nFrom: Task: Run it(\\\"Testing New Window\\\") in control flow\\n    at UserContext.<anonymous> (C:\\\\Users\\\\rohith\\\\AppData\\\\Roaming\\\\npm\\\\node_modules\\\\protractor\\\\node_modules\\\\jasminewd2\\\\index.js:94:19)\\n    at attempt (C:\\\\Users\\\\rohith\\\\AppData\\\\Roaming\\\\npm\\\\node_modules\\\\protractor\\\\node_modules\\\\jasmine-core\\\\lib\\\\jasmine-core\\\\jasmine.js:4297:26)\\n    at QueueRunner.run (C:\\\\Users\\\\rohith\\\\AppData\\\\Roaming\\\\npm\\\\node_modules\\\\protractor\\\\node_modules\\\\jasmine-core\\\\lib\\\\jasmine-core\\\\jasmine.js:4217:20)\\n    at runNext (C:\\\\Users\\\\rohith\\\\AppData\\\\Roaming\\\\npm\\\\node_modules\\\\protractor\\\\node_modules\\\\jasmine-core\\\\lib\\\\jasmine-core\\\\jasmine.js:4257:20)\\n    at C:\\\\Users\\\\rohith\\\\AppData\\\\Roaming\\\\npm\\\\node_modules\\\\protractor\\\\node_modules\\\\jasmine-core\\\\lib\\\\jasmine-core\\\\jasmine.js:4264:13\\n    at C:\\\\Users\\\\rohith\\\\AppData\\\\Roaming\\\\npm\\\\node_modules\\\\protractor\\\\node_modules\\\\jasmine-core\\\\lib\\\\jasmine-core\\\\jasmine.js:4172:9\\n    at C:\\\\Users\\\\rohith\\\\AppData\\\\Roaming\\\\npm\\\\node_modules\\\\protractor\\\\node_modules\\\\jasminewd2\\\\index.js:64:48\\n    at ControlFlow.emit (C:\\\\Users\\\\rohith\\\\AppData\\\\Roaming\\\\npm\\\\node_modules\\\\protractor\\\\node_modules\\\\selenium-webdriver\\\\lib\\\\events.js:62:21)\\n    at ControlFlow.shutdown_ (C:\\\\Users\\\\rohith\\\\AppData\\\\Roaming\\\\npm\\\\node_modules\\\\protractor\\\\node_modules\\\\selenium-webdriver\\\\lib\\\\promise.js:2674:10)\\n    at C:\\\\Users\\\\rohith\\\\AppData\\\\Roaming\\\\npm\\\\node_modules\\\\protractor\\\\node_modules\\\\selenium-webdriver\\\\lib\\\\promise.js:2599:53\\nFrom asynchronous test: \\nError\\n    at Suite.<anonymous> (C:\\\\Users\\\\rohith\\\\Documents\\\\JavaScripts\\\\ProtractorWithTypeScript\\\\DropDown.ts:5:5)\\n    at addSpecsToSuite (C:\\\\Users\\\\rohith\\\\AppData\\\\Roaming\\\\npm\\\\node_modules\\\\protractor\\\\node_modules\\\\jasmine-core\\\\lib\\\\jasmine-core\\\\jasmine.js:1107:25)\\n    at Env.describe (C:\\\\Users\\\\rohith\\\\AppData\\\\Roaming\\\\npm\\\\node_modules\\\\protractor\\\\node_modules\\\\jasmine-core\\\\lib\\\\jasmine-core\\\\jasmine.js:1074:7)\\n    at describe (C:\\\\Users\\\\rohith\\\\AppData\\\\Roaming\\\\npm\\\\node_modules\\\\protractor\\\\node_modules\\\\jasmine-core\\\\lib\\\\jasmine-core\\\\jasmine.js:4399:18)\\n    at Object.<anonymous> (C:\\\\Users\\\\rohith\\\\Documents\\\\JavaScripts\\\\ProtractorWithTypeScript\\\\DropDown.ts:4:1)\\n    at Module._compile (node:internal/modules/cjs/loader:1103:14)\\n    at Object.Module._extensions..js (node:internal/modules/cjs/loader:1157:10)\\n    at Module.load (node:internal/modules/cjs/loader:981:32)\\n    at Function.Module._load (node:internal/modules/cjs/loader:822:12)\"],\"browserLogs\":[{\"level\":\"WARNING\",\"message\":\"https://www.sendgb.com/src/plugins/ion-sound/ion.sound.js?v=6.1.5 9 The AudioContext was not allowed to start. It must be resumed (or created) after a user gesture on the page. https://goo.gl/7K7WLu\",\"timestamp\":1648699817481,\"type\":\"\"}],\"screenShotFile\":\"00620007-00aa-00c1-009e-00d600cc0070.png\",\"timestamp\":1648699815243,\"duration\":25389},{\"description\":\"Testing New Window|Window Handles\",\"passed\":false,\"pending\":false,\"os\":\"Windows\",\"instanceId\":1848,\"browser\":{\"name\":\"chrome\",\"version\":\"100.0.4896.60\"},\"message\":[\"Failed: unknown error: path is not absolute: ./allure-results/demo.png\\n  (Session info: chrome=100.0.4896.60)\\n  (Driver info: chromedriver=99.0.4844.51 (d537ec02474b5afe23684e7963d538896c63ac77-refs/branch-heads/4844@{#875}),platform=Windows NT 10.0.19044 x86_64)\"],\"trace\":[\"WebDriverError: unknown error: path is not absolute: ./allure-results/demo.png\\n  (Session info: chrome=100.0.4896.60)\\n  (Driver info: chromedriver=99.0.4844.51 (d537ec02474b5afe23684e7963d538896c63ac77-refs/branch-heads/4844@{#875}),platform=Windows NT 10.0.19044 x86_64)\\n    at Object.checkLegacyResponse (C:\\\\Users\\\\rohith\\\\AppData\\\\Roaming\\\\npm\\\\node_modules\\\\protractor\\\\node_modules\\\\selenium-webdriver\\\\lib\\\\error.js:546:15)\\n    at parseHttpResponse (C:\\\\Users\\\\rohith\\\\AppData\\\\Roaming\\\\npm\\\\node_modules\\\\protractor\\\\node_modules\\\\selenium-webdriver\\\\lib\\\\http.js:509:13)\\n    at C:\\\\Users\\\\rohith\\\\AppData\\\\Roaming\\\\npm\\\\node_modules\\\\protractor\\\\node_modules\\\\selenium-webdriver\\\\lib\\\\http.js:441:30\\n    at processTicksAndRejections (node:internal/process/task_queues:96:5)\\nFrom: Task: WebElement.sendKeys()\\n    at Driver.schedule (C:\\\\Users\\\\rohith\\\\AppData\\\\Roaming\\\\npm\\\\node_modules\\\\protractor\\\\node_modules\\\\selenium-webdriver\\\\lib\\\\webdriver.js:807:17)\\n    at WebElement.schedule_ (C:\\\\Users\\\\rohith\\\\AppData\\\\Roaming\\\\npm\\\\node_modules\\\\protractor\\\\node_modules\\\\selenium-webdriver\\\\lib\\\\webdriver.js:2010:25)\\n    at WebElement.sendKeys (C:\\\\Users\\\\rohith\\\\AppData\\\\Roaming\\\\npm\\\\node_modules\\\\protractor\\\\node_modules\\\\selenium-webdriver\\\\lib\\\\webdriver.js:2174:19)\\n    at actionFn (C:\\\\Users\\\\rohith\\\\AppData\\\\Roaming\\\\npm\\\\node_modules\\\\protractor\\\\built\\\\element.js:89:44)\\n    at Array.map (<anonymous>)\\n    at C:\\\\Users\\\\rohith\\\\AppData\\\\Roaming\\\\npm\\\\node_modules\\\\protractor\\\\built\\\\element.js:461:65\\n    at ManagedPromise.invokeCallback_ (C:\\\\Users\\\\rohith\\\\AppData\\\\Roaming\\\\npm\\\\node_modules\\\\protractor\\\\node_modules\\\\selenium-webdriver\\\\lib\\\\promise.js:1376:14)\\n    at TaskQueue.execute_ (C:\\\\Users\\\\rohith\\\\AppData\\\\Roaming\\\\npm\\\\node_modules\\\\protractor\\\\node_modules\\\\selenium-webdriver\\\\lib\\\\promise.js:3084:14)\\n    at TaskQueue.executeNext_ (C:\\\\Users\\\\rohith\\\\AppData\\\\Roaming\\\\npm\\\\node_modules\\\\protractor\\\\node_modules\\\\selenium-webdriver\\\\lib\\\\promise.js:3067:27)\\n    at C:\\\\Users\\\\rohith\\\\AppData\\\\Roaming\\\\npm\\\\node_modules\\\\protractor\\\\node_modules\\\\selenium-webdriver\\\\lib\\\\promise.js:2927:27Error\\n    at ElementArrayFinder.applyAction_ (C:\\\\Users\\\\rohith\\\\AppData\\\\Roaming\\\\npm\\\\node_modules\\\\protractor\\\\built\\\\element.js:459:27)\\n    at ElementArrayFinder.<computed> [as sendKeys] (C:\\\\Users\\\\rohith\\\\AppData\\\\Roaming\\\\npm\\\\node_modules\\\\protractor\\\\built\\\\element.js:91:29)\\n    at ElementFinder.<computed> [as sendKeys] (C:\\\\Users\\\\rohith\\\\AppData\\\\Roaming\\\\npm\\\\node_modules\\\\protractor\\\\built\\\\element.js:831:22)\\n    at C:\\\\Users\\\\rohith\\\\Documents\\\\JavaScripts\\\\ProtractorWithTypeScript\\\\DropDown.ts:10:19\\n    at Generator.next (<anonymous>)\\n    at fulfilled (C:\\\\Users\\\\rohith\\\\Documents\\\\JavaScripts\\\\ProtractorWithTypeScript\\\\JSFile\\\\DropDown.js:5:58)\\n    at processTicksAndRejections (node:internal/process/task_queues:96:5)\\nFrom: Task: Run it(\\\"Testing New Window\\\") in control flow\\n    at UserContext.<anonymous> (C:\\\\Users\\\\rohith\\\\AppData\\\\Roaming\\\\npm\\\\node_modules\\\\protractor\\\\node_modules\\\\jasminewd2\\\\index.js:94:19)\\n    at attempt (C:\\\\Users\\\\rohith\\\\AppData\\\\Roaming\\\\npm\\\\node_modules\\\\protractor\\\\node_modules\\\\jasmine-core\\\\lib\\\\jasmine-core\\\\jasmine.js:4297:26)\\n    at QueueRunner.run (C:\\\\Users\\\\rohith\\\\AppData\\\\Roaming\\\\npm\\\\node_modules\\\\protractor\\\\node_modules\\\\jasmine-core\\\\lib\\\\jasmine-core\\\\jasmine.js:4217:20)\\n    at runNext (C:\\\\Users\\\\rohith\\\\AppData\\\\Roaming\\\\npm\\\\node_modules\\\\protractor\\\\node_modules\\\\jasmine-core\\\\lib\\\\jasmine-core\\\\jasmine.js:4257:20)\\n    at C:\\\\Users\\\\rohith\\\\AppData\\\\Roaming\\\\npm\\\\node_modules\\\\protractor\\\\node_modules\\\\jasmine-core\\\\lib\\\\jasmine-core\\\\jasmine.js:4264:13\\n    at C:\\\\Users\\\\rohith\\\\AppData\\\\Roaming\\\\npm\\\\node_modules\\\\protractor\\\\node_modules\\\\jasmine-core\\\\lib\\\\jasmine-core\\\\jasmine.js:4172:9\\n    at C:\\\\Users\\\\rohith\\\\AppData\\\\Roaming\\\\npm\\\\node_modules\\\\protractor\\\\node_modules\\\\jasminewd2\\\\index.js:64:48\\n    at ControlFlow.emit (C:\\\\Users\\\\rohith\\\\AppData\\\\Roaming\\\\npm\\\\node_modules\\\\protractor\\\\node_modules\\\\selenium-webdriver\\\\lib\\\\events.js:62:21)\\n    at ControlFlow.shutdown_ (C:\\\\Users\\\\rohith\\\\AppData\\\\Roaming\\\\npm\\\\node_modules\\\\protractor\\\\node_modules\\\\selenium-webdriver\\\\lib\\\\promise.js:2674:10)\\n    at C:\\\\Users\\\\rohith\\\\AppData\\\\Roaming\\\\npm\\\\node_modules\\\\protractor\\\\node_modules\\\\selenium-webdriver\\\\lib\\\\promise.js:2599:53\\nFrom asynchronous test: \\nError\\n    at Suite.<anonymous> (C:\\\\Users\\\\rohith\\\\Documents\\\\JavaScripts\\\\ProtractorWithTypeScript\\\\DropDown.ts:5:5)\\n    at addSpecsToSuite (C:\\\\Users\\\\rohith\\\\AppData\\\\Roaming\\\\npm\\\\node_modules\\\\protractor\\\\node_modules\\\\jasmine-core\\\\lib\\\\jasmine-core\\\\jasmine.js:1107:25)\\n    at Env.describe (C:\\\\Users\\\\rohith\\\\AppData\\\\Roaming\\\\npm\\\\node_modules\\\\protractor\\\\node_modules\\\\jasmine-core\\\\lib\\\\jasmine-core\\\\jasmine.js:1074:7)\\n    at describe (C:\\\\Users\\\\rohith\\\\AppData\\\\Roaming\\\\npm\\\\node_modules\\\\protractor\\\\node_modules\\\\jasmine-core\\\\lib\\\\jasmine-core\\\\jasmine.js:4399:18)\\n    at Object.<anonymous> (C:\\\\Users\\\\rohith\\\\Documents\\\\JavaScripts\\\\ProtractorWithTypeScript\\\\DropDown.ts:4:1)\\n    at Module._compile (node:internal/modules/cjs/loader:1103:14)\\n    at Object.Module._extensions..js (node:internal/modules/cjs/loader:1157:10)\\n    at Module.load (node:internal/modules/cjs/loader:981:32)\\n    at Function.Module._load (node:internal/modules/cjs/loader:822:12)\"],\"browserLogs\":[{\"level\":\"WARNING\",\"message\":\"https://www.sendgb.com/src/plugins/ion-sound/ion.sound.js?v=6.1.5 9 The AudioContext was not allowed to start. It must be resumed (or created) after a user gesture on the page. https://goo.gl/7K7WLu\",\"timestamp\":1648699934544,\"type\":\"\"}],\"screenShotFile\":\"00b900d4-001e-0081-00a2-004b005200fa.png\",\"timestamp\":1648699932634,\"duration\":4803},{\"description\":\"Testing New Window|Window Handles\",\"passed\":false,\"pending\":false,\"os\":\"Windows\",\"instanceId\":15276,\"browser\":{\"name\":\"chrome\",\"version\":\"100.0.4896.60\"},\"message\":[\"Failed: invalid argument: File not found : C:Users\\rohithDocumentsJavaScriptsProtractorWithTypeScriptJSFileallure-results/demo.png\\n  (Session info: chrome=100.0.4896.60)\\n  (Driver info: chromedriver=99.0.4844.51 (d537ec02474b5afe23684e7963d538896c63ac77-refs/branch-heads/4844@{#875}),platform=Windows NT 10.0.19044 x86_64)\"],\"trace\":[\"WebDriverError: invalid argument: File not found : C:Users\\rohithDocumentsJavaScriptsProtractorWithTypeScriptJSFileallure-results/demo.png\\n  (Session info: chrome=100.0.4896.60)\\n  (Driver info: chromedriver=99.0.4844.51 (d537ec02474b5afe23684e7963d538896c63ac77-refs/branch-heads/4844@{#875}),platform=Windows NT 10.0.19044 x86_64)\\n    at Object.checkLegacyResponse (C:\\\\Users\\\\rohith\\\\AppData\\\\Roaming\\\\npm\\\\node_modules\\\\protractor\\\\node_modules\\\\selenium-webdriver\\\\lib\\\\error.js:546:15)\\n    at parseHttpResponse (C:\\\\Users\\\\rohith\\\\AppData\\\\Roaming\\\\npm\\\\node_modules\\\\protractor\\\\node_modules\\\\selenium-webdriver\\\\lib\\\\http.js:509:13)\\n    at C:\\\\Users\\\\rohith\\\\AppData\\\\Roaming\\\\npm\\\\node_modules\\\\protractor\\\\node_modules\\\\selenium-webdriver\\\\lib\\\\http.js:441:30\\n    at processTicksAndRejections (node:internal/process/task_queues:96:5)\\nFrom: Task: WebElement.sendKeys()\\n    at Driver.schedule (C:\\\\Users\\\\rohith\\\\AppData\\\\Roaming\\\\npm\\\\node_modules\\\\protractor\\\\node_modules\\\\selenium-webdriver\\\\lib\\\\webdriver.js:807:17)\\n    at WebElement.schedule_ (C:\\\\Users\\\\rohith\\\\AppData\\\\Roaming\\\\npm\\\\node_modules\\\\protractor\\\\node_modules\\\\selenium-webdriver\\\\lib\\\\webdriver.js:2010:25)\\n    at WebElement.sendKeys (C:\\\\Users\\\\rohith\\\\AppData\\\\Roaming\\\\npm\\\\node_modules\\\\protractor\\\\node_modules\\\\selenium-webdriver\\\\lib\\\\webdriver.js:2174:19)\\n    at actionFn (C:\\\\Users\\\\rohith\\\\AppData\\\\Roaming\\\\npm\\\\node_modules\\\\protractor\\\\built\\\\element.js:89:44)\\n    at Array.map (<anonymous>)\\n    at C:\\\\Users\\\\rohith\\\\AppData\\\\Roaming\\\\npm\\\\node_modules\\\\protractor\\\\built\\\\element.js:461:65\\n    at ManagedPromise.invokeCallback_ (C:\\\\Users\\\\rohith\\\\AppData\\\\Roaming\\\\npm\\\\node_modules\\\\protractor\\\\node_modules\\\\selenium-webdriver\\\\lib\\\\promise.js:1376:14)\\n    at TaskQueue.execute_ (C:\\\\Users\\\\rohith\\\\AppData\\\\Roaming\\\\npm\\\\node_modules\\\\protractor\\\\node_modules\\\\selenium-webdriver\\\\lib\\\\promise.js:3084:14)\\n    at TaskQueue.executeNext_ (C:\\\\Users\\\\rohith\\\\AppData\\\\Roaming\\\\npm\\\\node_modules\\\\protractor\\\\node_modules\\\\selenium-webdriver\\\\lib\\\\promise.js:3067:27)\\n    at C:\\\\Users\\\\rohith\\\\AppData\\\\Roaming\\\\npm\\\\node_modules\\\\protractor\\\\node_modules\\\\selenium-webdriver\\\\lib\\\\promise.js:2927:27Error\\n    at ElementArrayFinder.applyAction_ (C:\\\\Users\\\\rohith\\\\AppData\\\\Roaming\\\\npm\\\\node_modules\\\\protractor\\\\built\\\\element.js:459:27)\\n    at ElementArrayFinder.<computed> [as sendKeys] (C:\\\\Users\\\\rohith\\\\AppData\\\\Roaming\\\\npm\\\\node_modules\\\\protractor\\\\built\\\\element.js:91:29)\\n    at ElementFinder.<computed> [as sendKeys] (C:\\\\Users\\\\rohith\\\\AppData\\\\Roaming\\\\npm\\\\node_modules\\\\protractor\\\\built\\\\element.js:831:22)\\n    at C:\\\\Users\\\\rohith\\\\Documents\\\\JavaScripts\\\\ProtractorWithTypeScript\\\\DropDown.ts:10:19\\n    at Generator.next (<anonymous>)\\n    at fulfilled (C:\\\\Users\\\\rohith\\\\Documents\\\\JavaScripts\\\\ProtractorWithTypeScript\\\\JSFile\\\\DropDown.js:5:58)\\n    at processTicksAndRejections (node:internal/process/task_queues:96:5)\\nFrom: Task: Run it(\\\"Testing New Window\\\") in control flow\\n    at UserContext.<anonymous> (C:\\\\Users\\\\rohith\\\\AppData\\\\Roaming\\\\npm\\\\node_modules\\\\protractor\\\\node_modules\\\\jasminewd2\\\\index.js:94:19)\\n    at attempt (C:\\\\Users\\\\rohith\\\\AppData\\\\Roaming\\\\npm\\\\node_modules\\\\protractor\\\\node_modules\\\\jasmine-core\\\\lib\\\\jasmine-core\\\\jasmine.js:4297:26)\\n    at QueueRunner.run (C:\\\\Users\\\\rohith\\\\AppData\\\\Roaming\\\\npm\\\\node_modules\\\\protractor\\\\node_modules\\\\jasmine-core\\\\lib\\\\jasmine-core\\\\jasmine.js:4217:20)\\n    at runNext (C:\\\\Users\\\\rohith\\\\AppData\\\\Roaming\\\\npm\\\\node_modules\\\\protractor\\\\node_modules\\\\jasmine-core\\\\lib\\\\jasmine-core\\\\jasmine.js:4257:20)\\n    at C:\\\\Users\\\\rohith\\\\AppData\\\\Roaming\\\\npm\\\\node_modules\\\\protractor\\\\node_modules\\\\jasmine-core\\\\lib\\\\jasmine-core\\\\jasmine.js:4264:13\\n    at C:\\\\Users\\\\rohith\\\\AppData\\\\Roaming\\\\npm\\\\node_modules\\\\protractor\\\\node_modules\\\\jasmine-core\\\\lib\\\\jasmine-core\\\\jasmine.js:4172:9\\n    at C:\\\\Users\\\\rohith\\\\AppData\\\\Roaming\\\\npm\\\\node_modules\\\\protractor\\\\node_modules\\\\jasminewd2\\\\index.js:64:48\\n    at ControlFlow.emit (C:\\\\Users\\\\rohith\\\\AppData\\\\Roaming\\\\npm\\\\node_modules\\\\protractor\\\\node_modules\\\\selenium-webdriver\\\\lib\\\\events.js:62:21)\\n    at ControlFlow.shutdown_ (C:\\\\Users\\\\rohith\\\\AppData\\\\Roaming\\\\npm\\\\node_modules\\\\protractor\\\\node_modules\\\\selenium-webdriver\\\\lib\\\\promise.js:2674:10)\\n    at C:\\\\Users\\\\rohith\\\\AppData\\\\Roaming\\\\npm\\\\node_modules\\\\protractor\\\\node_modules\\\\selenium-webdriver\\\\lib\\\\promise.js:2599:53\\nFrom asynchronous test: \\nError\\n    at Suite.<anonymous> (C:\\\\Users\\\\rohith\\\\Documents\\\\JavaScripts\\\\ProtractorWithTypeScript\\\\DropDown.ts:5:5)\\n    at addSpecsToSuite (C:\\\\Users\\\\rohith\\\\AppData\\\\Roaming\\\\npm\\\\node_modules\\\\protractor\\\\node_modules\\\\jasmine-core\\\\lib\\\\jasmine-core\\\\jasmine.js:1107:25)\\n    at Env.describe (C:\\\\Users\\\\rohith\\\\AppData\\\\Roaming\\\\npm\\\\node_modules\\\\protractor\\\\node_modules\\\\jasmine-core\\\\lib\\\\jasmine-core\\\\jasmine.js:1074:7)\\n    at describe (C:\\\\Users\\\\rohith\\\\AppData\\\\Roaming\\\\npm\\\\node_modules\\\\protractor\\\\node_modules\\\\jasmine-core\\\\lib\\\\jasmine-core\\\\jasmine.js:4399:18)\\n    at Object.<anonymous> (C:\\\\Users\\\\rohith\\\\Documents\\\\JavaScripts\\\\ProtractorWithTypeScript\\\\DropDown.ts:4:1)\\n    at Module._compile (node:internal/modules/cjs/loader:1103:14)\\n    at Object.Module._extensions..js (node:internal/modules/cjs/loader:1157:10)\\n    at Module.load (node:internal/modules/cjs/loader:981:32)\\n    at Function.Module._load (node:internal/modules/cjs/loader:822:12)\"],\"browserLogs\":[{\"level\":\"WARNING\",\"message\":\"https://www.sendgb.com/src/plugins/ion-sound/ion.sound.js?v=6.1.5 9 The AudioContext was not allowed to start. It must be resumed (or created) after a user gesture on the page. https://goo.gl/7K7WLu\",\"timestamp\":1648699961225,\"type\":\"\"}],\"screenShotFile\":\"00430016-00fd-0057-00d5-0026000600ad.png\",\"timestamp\":1648699959219,\"duration\":4948},{\"description\":\"Testing New Window|Window Handles\",\"passed\":false,\"pending\":false,\"os\":\"Windows\",\"instanceId\":7004,\"browser\":{\"name\":\"chrome\",\"version\":\"100.0.4896.60\"},\"message\":[\"Failed: invalid argument: File not found : C:Users\\rohithDocumentsJavaScriptsProtractorWithTypeScriptJSFileallure-results/demo.png\\n  (Session info: chrome=100.0.4896.60)\\n  (Driver info: chromedriver=99.0.4844.51 (d537ec02474b5afe23684e7963d538896c63ac77-refs/branch-heads/4844@{#875}),platform=Windows NT 10.0.19044 x86_64)\"],\"trace\":[\"WebDriverError: invalid argument: File not found : C:Users\\rohithDocumentsJavaScriptsProtractorWithTypeScriptJSFileallure-results/demo.png\\n  (Session info: chrome=100.0.4896.60)\\n  (Driver info: chromedriver=99.0.4844.51 (d537ec02474b5afe23684e7963d538896c63ac77-refs/branch-heads/4844@{#875}),platform=Windows NT 10.0.19044 x86_64)\\n    at Object.checkLegacyResponse (C:\\\\Users\\\\rohith\\\\AppData\\\\Roaming\\\\npm\\\\node_modules\\\\protractor\\\\node_modules\\\\selenium-webdriver\\\\lib\\\\error.js:546:15)\\n    at parseHttpResponse (C:\\\\Users\\\\rohith\\\\AppData\\\\Roaming\\\\npm\\\\node_modules\\\\protractor\\\\node_modules\\\\selenium-webdriver\\\\lib\\\\http.js:509:13)\\n    at C:\\\\Users\\\\rohith\\\\AppData\\\\Roaming\\\\npm\\\\node_modules\\\\protractor\\\\node_modules\\\\selenium-webdriver\\\\lib\\\\http.js:441:30\\n    at processTicksAndRejections (node:internal/process/task_queues:96:5)\\nFrom: Task: WebElement.sendKeys()\\n    at Driver.schedule (C:\\\\Users\\\\rohith\\\\AppData\\\\Roaming\\\\npm\\\\node_modules\\\\protractor\\\\node_modules\\\\selenium-webdriver\\\\lib\\\\webdriver.js:807:17)\\n    at WebElement.schedule_ (C:\\\\Users\\\\rohith\\\\AppData\\\\Roaming\\\\npm\\\\node_modules\\\\protractor\\\\node_modules\\\\selenium-webdriver\\\\lib\\\\webdriver.js:2010:25)\\n    at WebElement.sendKeys (C:\\\\Users\\\\rohith\\\\AppData\\\\Roaming\\\\npm\\\\node_modules\\\\protractor\\\\node_modules\\\\selenium-webdriver\\\\lib\\\\webdriver.js:2174:19)\\n    at actionFn (C:\\\\Users\\\\rohith\\\\AppData\\\\Roaming\\\\npm\\\\node_modules\\\\protractor\\\\built\\\\element.js:89:44)\\n    at Array.map (<anonymous>)\\n    at C:\\\\Users\\\\rohith\\\\AppData\\\\Roaming\\\\npm\\\\node_modules\\\\protractor\\\\built\\\\element.js:461:65\\n    at ManagedPromise.invokeCallback_ (C:\\\\Users\\\\rohith\\\\AppData\\\\Roaming\\\\npm\\\\node_modules\\\\protractor\\\\node_modules\\\\selenium-webdriver\\\\lib\\\\promise.js:1376:14)\\n    at TaskQueue.execute_ (C:\\\\Users\\\\rohith\\\\AppData\\\\Roaming\\\\npm\\\\node_modules\\\\protractor\\\\node_modules\\\\selenium-webdriver\\\\lib\\\\promise.js:3084:14)\\n    at TaskQueue.executeNext_ (C:\\\\Users\\\\rohith\\\\AppData\\\\Roaming\\\\npm\\\\node_modules\\\\protractor\\\\node_modules\\\\selenium-webdriver\\\\lib\\\\promise.js:3067:27)\\n    at C:\\\\Users\\\\rohith\\\\AppData\\\\Roaming\\\\npm\\\\node_modules\\\\protractor\\\\node_modules\\\\selenium-webdriver\\\\lib\\\\promise.js:2927:27Error\\n    at ElementArrayFinder.applyAction_ (C:\\\\Users\\\\rohith\\\\AppData\\\\Roaming\\\\npm\\\\node_modules\\\\protractor\\\\built\\\\element.js:459:27)\\n    at ElementArrayFinder.<computed> [as sendKeys] (C:\\\\Users\\\\rohith\\\\AppData\\\\Roaming\\\\npm\\\\node_modules\\\\protractor\\\\built\\\\element.js:91:29)\\n    at ElementFinder.<computed> [as sendKeys] (C:\\\\Users\\\\rohith\\\\AppData\\\\Roaming\\\\npm\\\\node_modules\\\\protractor\\\\built\\\\element.js:831:22)\\n    at C:\\\\Users\\\\rohith\\\\Documents\\\\JavaScripts\\\\ProtractorWithTypeScript\\\\DropDown.ts:10:19\\n    at Generator.next (<anonymous>)\\n    at fulfilled (C:\\\\Users\\\\rohith\\\\Documents\\\\JavaScripts\\\\ProtractorWithTypeScript\\\\JSFile\\\\DropDown.js:5:58)\\n    at processTicksAndRejections (node:internal/process/task_queues:96:5)\\nFrom: Task: Run it(\\\"Testing New Window\\\") in control flow\\n    at UserContext.<anonymous> (C:\\\\Users\\\\rohith\\\\AppData\\\\Roaming\\\\npm\\\\node_modules\\\\protractor\\\\node_modules\\\\jasminewd2\\\\index.js:94:19)\\n    at attempt (C:\\\\Users\\\\rohith\\\\AppData\\\\Roaming\\\\npm\\\\node_modules\\\\protractor\\\\node_modules\\\\jasmine-core\\\\lib\\\\jasmine-core\\\\jasmine.js:4297:26)\\n    at QueueRunner.run (C:\\\\Users\\\\rohith\\\\AppData\\\\Roaming\\\\npm\\\\node_modules\\\\protractor\\\\node_modules\\\\jasmine-core\\\\lib\\\\jasmine-core\\\\jasmine.js:4217:20)\\n    at runNext (C:\\\\Users\\\\rohith\\\\AppData\\\\Roaming\\\\npm\\\\node_modules\\\\protractor\\\\node_modules\\\\jasmine-core\\\\lib\\\\jasmine-core\\\\jasmine.js:4257:20)\\n    at C:\\\\Users\\\\rohith\\\\AppData\\\\Roaming\\\\npm\\\\node_modules\\\\protractor\\\\node_modules\\\\jasmine-core\\\\lib\\\\jasmine-core\\\\jasmine.js:4264:13\\n    at C:\\\\Users\\\\rohith\\\\AppData\\\\Roaming\\\\npm\\\\node_modules\\\\protractor\\\\node_modules\\\\jasmine-core\\\\lib\\\\jasmine-core\\\\jasmine.js:4172:9\\n    at C:\\\\Users\\\\rohith\\\\AppData\\\\Roaming\\\\npm\\\\node_modules\\\\protractor\\\\node_modules\\\\jasminewd2\\\\index.js:64:48\\n    at ControlFlow.emit (C:\\\\Users\\\\rohith\\\\AppData\\\\Roaming\\\\npm\\\\node_modules\\\\protractor\\\\node_modules\\\\selenium-webdriver\\\\lib\\\\events.js:62:21)\\n    at ControlFlow.shutdown_ (C:\\\\Users\\\\rohith\\\\AppData\\\\Roaming\\\\npm\\\\node_modules\\\\protractor\\\\node_modules\\\\selenium-webdriver\\\\lib\\\\promise.js:2674:10)\\n    at C:\\\\Users\\\\rohith\\\\AppData\\\\Roaming\\\\npm\\\\node_modules\\\\protractor\\\\node_modules\\\\selenium-webdriver\\\\lib\\\\promise.js:2599:53\\nFrom asynchronous test: \\nError\\n    at Suite.<anonymous> (C:\\\\Users\\\\rohith\\\\Documents\\\\JavaScripts\\\\ProtractorWithTypeScript\\\\DropDown.ts:5:5)\\n    at addSpecsToSuite (C:\\\\Users\\\\rohith\\\\AppData\\\\Roaming\\\\npm\\\\node_modules\\\\protractor\\\\node_modules\\\\jasmine-core\\\\lib\\\\jasmine-core\\\\jasmine.js:1107:25)\\n    at Env.describe (C:\\\\Users\\\\rohith\\\\AppData\\\\Roaming\\\\npm\\\\node_modules\\\\protractor\\\\node_modules\\\\jasmine-core\\\\lib\\\\jasmine-core\\\\jasmine.js:1074:7)\\n    at describe (C:\\\\Users\\\\rohith\\\\AppData\\\\Roaming\\\\npm\\\\node_modules\\\\protractor\\\\node_modules\\\\jasmine-core\\\\lib\\\\jasmine-core\\\\jasmine.js:4399:18)\\n    at Object.<anonymous> (C:\\\\Users\\\\rohith\\\\Documents\\\\JavaScripts\\\\ProtractorWithTypeScript\\\\DropDown.ts:4:1)\\n    at Module._compile (node:internal/modules/cjs/loader:1103:14)\\n    at Object.Module._extensions..js (node:internal/modules/cjs/loader:1157:10)\\n    at Module.load (node:internal/modules/cjs/loader:981:32)\\n    at Function.Module._load (node:internal/modules/cjs/loader:822:12)\"],\"browserLogs\":[{\"level\":\"WARNING\",\"message\":\"https://www.sendgb.com/src/plugins/ion-sound/ion.sound.js?v=6.1.5 9 The AudioContext was not allowed to start. It must be resumed (or created) after a user gesture on the page. https://goo.gl/7K7WLu\",\"timestamp\":1648700040334,\"type\":\"\"}],\"screenShotFile\":\"00120011-0043-003e-0060-00e5001b00dc.png\",\"timestamp\":1648700038083,\"duration\":5051},{\"description\":\"Testing New Window|Window Handles\",\"passed\":false,\"pending\":false,\"os\":\"Windows\",\"instanceId\":9252,\"browser\":{\"name\":\"chrome\",\"version\":\"100.0.4896.60\"},\"message\":[\"Failed: invalid argument: File not found : C:Users\\rohithDocumentsJavaScriptsProtractorWithTypeScriptJSFileallure-results/demo.png\\n  (Session info: chrome=100.0.4896.60)\\n  (Driver info: chromedriver=99.0.4844.51 (d537ec02474b5afe23684e7963d538896c63ac77-refs/branch-heads/4844@{#875}),platform=Windows NT 10.0.19044 x86_64)\"],\"trace\":[\"WebDriverError: invalid argument: File not found : C:Users\\rohithDocumentsJavaScriptsProtractorWithTypeScriptJSFileallure-results/demo.png\\n  (Session info: chrome=100.0.4896.60)\\n  (Driver info: chromedriver=99.0.4844.51 (d537ec02474b5afe23684e7963d538896c63ac77-refs/branch-heads/4844@{#875}),platform=Windows NT 10.0.19044 x86_64)\\n    at Object.checkLegacyResponse (C:\\\\Users\\\\rohith\\\\AppData\\\\Roaming\\\\npm\\\\node_modules\\\\protractor\\\\node_modules\\\\selenium-webdriver\\\\lib\\\\error.js:546:15)\\n    at parseHttpResponse (C:\\\\Users\\\\rohith\\\\AppData\\\\Roaming\\\\npm\\\\node_modules\\\\protractor\\\\node_modules\\\\selenium-webdriver\\\\lib\\\\http.js:509:13)\\n    at C:\\\\Users\\\\rohith\\\\AppData\\\\Roaming\\\\npm\\\\node_modules\\\\protractor\\\\node_modules\\\\selenium-webdriver\\\\lib\\\\http.js:441:30\\n    at processTicksAndRejections (node:internal/process/task_queues:96:5)\\nFrom: Task: WebElement.sendKeys()\\n    at Driver.schedule (C:\\\\Users\\\\rohith\\\\AppData\\\\Roaming\\\\npm\\\\node_modules\\\\protractor\\\\node_modules\\\\selenium-webdriver\\\\lib\\\\webdriver.js:807:17)\\n    at WebElement.schedule_ (C:\\\\Users\\\\rohith\\\\AppData\\\\Roaming\\\\npm\\\\node_modules\\\\protractor\\\\node_modules\\\\selenium-webdriver\\\\lib\\\\webdriver.js:2010:25)\\n    at WebElement.sendKeys (C:\\\\Users\\\\rohith\\\\AppData\\\\Roaming\\\\npm\\\\node_modules\\\\protractor\\\\node_modules\\\\selenium-webdriver\\\\lib\\\\webdriver.js:2174:19)\\n    at actionFn (C:\\\\Users\\\\rohith\\\\AppData\\\\Roaming\\\\npm\\\\node_modules\\\\protractor\\\\built\\\\element.js:89:44)\\n    at Array.map (<anonymous>)\\n    at C:\\\\Users\\\\rohith\\\\AppData\\\\Roaming\\\\npm\\\\node_modules\\\\protractor\\\\built\\\\element.js:461:65\\n    at ManagedPromise.invokeCallback_ (C:\\\\Users\\\\rohith\\\\AppData\\\\Roaming\\\\npm\\\\node_modules\\\\protractor\\\\node_modules\\\\selenium-webdriver\\\\lib\\\\promise.js:1376:14)\\n    at TaskQueue.execute_ (C:\\\\Users\\\\rohith\\\\AppData\\\\Roaming\\\\npm\\\\node_modules\\\\protractor\\\\node_modules\\\\selenium-webdriver\\\\lib\\\\promise.js:3084:14)\\n    at TaskQueue.executeNext_ (C:\\\\Users\\\\rohith\\\\AppData\\\\Roaming\\\\npm\\\\node_modules\\\\protractor\\\\node_modules\\\\selenium-webdriver\\\\lib\\\\promise.js:3067:27)\\n    at C:\\\\Users\\\\rohith\\\\AppData\\\\Roaming\\\\npm\\\\node_modules\\\\protractor\\\\node_modules\\\\selenium-webdriver\\\\lib\\\\promise.js:2927:27Error\\n    at ElementArrayFinder.applyAction_ (C:\\\\Users\\\\rohith\\\\AppData\\\\Roaming\\\\npm\\\\node_modules\\\\protractor\\\\built\\\\element.js:459:27)\\n    at ElementArrayFinder.<computed> [as sendKeys] (C:\\\\Users\\\\rohith\\\\AppData\\\\Roaming\\\\npm\\\\node_modules\\\\protractor\\\\built\\\\element.js:91:29)\\n    at ElementFinder.<computed> [as sendKeys] (C:\\\\Users\\\\rohith\\\\AppData\\\\Roaming\\\\npm\\\\node_modules\\\\protractor\\\\built\\\\element.js:831:22)\\n    at C:\\\\Users\\\\rohith\\\\Documents\\\\JavaScripts\\\\ProtractorWithTypeScript\\\\DropDown.ts:10:19\\n    at Generator.next (<anonymous>)\\n    at fulfilled (C:\\\\Users\\\\rohith\\\\Documents\\\\JavaScripts\\\\ProtractorWithTypeScript\\\\JSFile\\\\DropDown.js:5:58)\\n    at processTicksAndRejections (node:internal/process/task_queues:96:5)\\nFrom: Task: Run it(\\\"Testing New Window\\\") in control flow\\n    at UserContext.<anonymous> (C:\\\\Users\\\\rohith\\\\AppData\\\\Roaming\\\\npm\\\\node_modules\\\\protractor\\\\node_modules\\\\jasminewd2\\\\index.js:94:19)\\n    at attempt (C:\\\\Users\\\\rohith\\\\AppData\\\\Roaming\\\\npm\\\\node_modules\\\\protractor\\\\node_modules\\\\jasmine-core\\\\lib\\\\jasmine-core\\\\jasmine.js:4297:26)\\n    at QueueRunner.run (C:\\\\Users\\\\rohith\\\\AppData\\\\Roaming\\\\npm\\\\node_modules\\\\protractor\\\\node_modules\\\\jasmine-core\\\\lib\\\\jasmine-core\\\\jasmine.js:4217:20)\\n    at runNext (C:\\\\Users\\\\rohith\\\\AppData\\\\Roaming\\\\npm\\\\node_modules\\\\protractor\\\\node_modules\\\\jasmine-core\\\\lib\\\\jasmine-core\\\\jasmine.js:4257:20)\\n    at C:\\\\Users\\\\rohith\\\\AppData\\\\Roaming\\\\npm\\\\node_modules\\\\protractor\\\\node_modules\\\\jasmine-core\\\\lib\\\\jasmine-core\\\\jasmine.js:4264:13\\n    at C:\\\\Users\\\\rohith\\\\AppData\\\\Roaming\\\\npm\\\\node_modules\\\\protractor\\\\node_modules\\\\jasmine-core\\\\lib\\\\jasmine-core\\\\jasmine.js:4172:9\\n    at C:\\\\Users\\\\rohith\\\\AppData\\\\Roaming\\\\npm\\\\node_modules\\\\protractor\\\\node_modules\\\\jasminewd2\\\\index.js:64:48\\n    at ControlFlow.emit (C:\\\\Users\\\\rohith\\\\AppData\\\\Roaming\\\\npm\\\\node_modules\\\\protractor\\\\node_modules\\\\selenium-webdriver\\\\lib\\\\events.js:62:21)\\n    at ControlFlow.shutdown_ (C:\\\\Users\\\\rohith\\\\AppData\\\\Roaming\\\\npm\\\\node_modules\\\\protractor\\\\node_modules\\\\selenium-webdriver\\\\lib\\\\promise.js:2674:10)\\n    at C:\\\\Users\\\\rohith\\\\AppData\\\\Roaming\\\\npm\\\\node_modules\\\\protractor\\\\node_modules\\\\selenium-webdriver\\\\lib\\\\promise.js:2599:53\\nFrom asynchronous test: \\nError\\n    at Suite.<anonymous> (C:\\\\Users\\\\rohith\\\\Documents\\\\JavaScripts\\\\ProtractorWithTypeScript\\\\DropDown.ts:5:5)\\n    at addSpecsToSuite (C:\\\\Users\\\\rohith\\\\AppData\\\\Roaming\\\\npm\\\\node_modules\\\\protractor\\\\node_modules\\\\jasmine-core\\\\lib\\\\jasmine-core\\\\jasmine.js:1107:25)\\n    at Env.describe (C:\\\\Users\\\\rohith\\\\AppData\\\\Roaming\\\\npm\\\\node_modules\\\\protractor\\\\node_modules\\\\jasmine-core\\\\lib\\\\jasmine-core\\\\jasmine.js:1074:7)\\n    at describe (C:\\\\Users\\\\rohith\\\\AppData\\\\Roaming\\\\npm\\\\node_modules\\\\protractor\\\\node_modules\\\\jasmine-core\\\\lib\\\\jasmine-core\\\\jasmine.js:4399:18)\\n    at Object.<anonymous> (C:\\\\Users\\\\rohith\\\\Documents\\\\JavaScripts\\\\ProtractorWithTypeScript\\\\DropDown.ts:4:1)\\n    at Module._compile (node:internal/modules/cjs/loader:1103:14)\\n    at Object.Module._extensions..js (node:internal/modules/cjs/loader:1157:10)\\n    at Module.load (node:internal/modules/cjs/loader:981:32)\\n    at Function.Module._load (node:internal/modules/cjs/loader:822:12)\"],\"browserLogs\":[{\"level\":\"WARNING\",\"message\":\"https://www.sendgb.com/src/plugins/ion-sound/ion.sound.js?v=6.1.5 9 The AudioContext was not allowed to start. It must be resumed (or created) after a user gesture on the page. https://goo.gl/7K7WLu\",\"timestamp\":1648700254993,\"type\":\"\"}],\"screenShotFile\":\"001500a2-0010-00c2-00f3-00b500010022.png\",\"timestamp\":1648700252654,\"duration\":5673},{\"description\":\"Testing New Window|Window Handles\",\"passed\":false,\"pending\":false,\"os\":\"Windows\",\"instanceId\":12764,\"browser\":{\"name\":\"chrome\",\"version\":\"100.0.4896.60\"},\"message\":[\"Failed: invalid argument: File not found : C:Users\\rohithDocumentsJavaScriptsProtractorWithTypeScriptJSFileallure-results/demo.png\\n  (Session info: chrome=100.0.4896.60)\\n  (Driver info: chromedriver=99.0.4844.51 (d537ec02474b5afe23684e7963d538896c63ac77-refs/branch-heads/4844@{#875}),platform=Windows NT 10.0.19044 x86_64)\"],\"trace\":[\"WebDriverError: invalid argument: File not found : C:Users\\rohithDocumentsJavaScriptsProtractorWithTypeScriptJSFileallure-results/demo.png\\n  (Session info: chrome=100.0.4896.60)\\n  (Driver info: chromedriver=99.0.4844.51 (d537ec02474b5afe23684e7963d538896c63ac77-refs/branch-heads/4844@{#875}),platform=Windows NT 10.0.19044 x86_64)\\n    at Object.checkLegacyResponse (C:\\\\Users\\\\rohith\\\\AppData\\\\Roaming\\\\npm\\\\node_modules\\\\protractor\\\\node_modules\\\\selenium-webdriver\\\\lib\\\\error.js:546:15)\\n    at parseHttpResponse (C:\\\\Users\\\\rohith\\\\AppData\\\\Roaming\\\\npm\\\\node_modules\\\\protractor\\\\node_modules\\\\selenium-webdriver\\\\lib\\\\http.js:509:13)\\n    at C:\\\\Users\\\\rohith\\\\AppData\\\\Roaming\\\\npm\\\\node_modules\\\\protractor\\\\node_modules\\\\selenium-webdriver\\\\lib\\\\http.js:441:30\\n    at processTicksAndRejections (node:internal/process/task_queues:96:5)\\nFrom: Task: WebElement.sendKeys()\\n    at Driver.schedule (C:\\\\Users\\\\rohith\\\\AppData\\\\Roaming\\\\npm\\\\node_modules\\\\protractor\\\\node_modules\\\\selenium-webdriver\\\\lib\\\\webdriver.js:807:17)\\n    at WebElement.schedule_ (C:\\\\Users\\\\rohith\\\\AppData\\\\Roaming\\\\npm\\\\node_modules\\\\protractor\\\\node_modules\\\\selenium-webdriver\\\\lib\\\\webdriver.js:2010:25)\\n    at WebElement.sendKeys (C:\\\\Users\\\\rohith\\\\AppData\\\\Roaming\\\\npm\\\\node_modules\\\\protractor\\\\node_modules\\\\selenium-webdriver\\\\lib\\\\webdriver.js:2174:19)\\n    at actionFn (C:\\\\Users\\\\rohith\\\\AppData\\\\Roaming\\\\npm\\\\node_modules\\\\protractor\\\\built\\\\element.js:89:44)\\n    at Array.map (<anonymous>)\\n    at C:\\\\Users\\\\rohith\\\\AppData\\\\Roaming\\\\npm\\\\node_modules\\\\protractor\\\\built\\\\element.js:461:65\\n    at ManagedPromise.invokeCallback_ (C:\\\\Users\\\\rohith\\\\AppData\\\\Roaming\\\\npm\\\\node_modules\\\\protractor\\\\node_modules\\\\selenium-webdriver\\\\lib\\\\promise.js:1376:14)\\n    at TaskQueue.execute_ (C:\\\\Users\\\\rohith\\\\AppData\\\\Roaming\\\\npm\\\\node_modules\\\\protractor\\\\node_modules\\\\selenium-webdriver\\\\lib\\\\promise.js:3084:14)\\n    at TaskQueue.executeNext_ (C:\\\\Users\\\\rohith\\\\AppData\\\\Roaming\\\\npm\\\\node_modules\\\\protractor\\\\node_modules\\\\selenium-webdriver\\\\lib\\\\promise.js:3067:27)\\n    at C:\\\\Users\\\\rohith\\\\AppData\\\\Roaming\\\\npm\\\\node_modules\\\\protractor\\\\node_modules\\\\selenium-webdriver\\\\lib\\\\promise.js:2927:27Error\\n    at ElementArrayFinder.applyAction_ (C:\\\\Users\\\\rohith\\\\AppData\\\\Roaming\\\\npm\\\\node_modules\\\\protractor\\\\built\\\\element.js:459:27)\\n    at ElementArrayFinder.<computed> [as sendKeys] (C:\\\\Users\\\\rohith\\\\AppData\\\\Roaming\\\\npm\\\\node_modules\\\\protractor\\\\built\\\\element.js:91:29)\\n    at ElementFinder.<computed> [as sendKeys] (C:\\\\Users\\\\rohith\\\\AppData\\\\Roaming\\\\npm\\\\node_modules\\\\protractor\\\\built\\\\element.js:831:22)\\n    at C:\\\\Users\\\\rohith\\\\Documents\\\\JavaScripts\\\\ProtractorWithTypeScript\\\\DropDown.ts:10:19\\n    at Generator.next (<anonymous>)\\n    at fulfilled (C:\\\\Users\\\\rohith\\\\Documents\\\\JavaScripts\\\\ProtractorWithTypeScript\\\\JSFile\\\\DropDown.js:5:58)\\n    at processTicksAndRejections (node:internal/process/task_queues:96:5)\\nFrom: Task: Run it(\\\"Testing New Window\\\") in control flow\\n    at UserContext.<anonymous> (C:\\\\Users\\\\rohith\\\\AppData\\\\Roaming\\\\npm\\\\node_modules\\\\protractor\\\\node_modules\\\\jasminewd2\\\\index.js:94:19)\\n    at attempt (C:\\\\Users\\\\rohith\\\\AppData\\\\Roaming\\\\npm\\\\node_modules\\\\protractor\\\\node_modules\\\\jasmine-core\\\\lib\\\\jasmine-core\\\\jasmine.js:4297:26)\\n    at QueueRunner.run (C:\\\\Users\\\\rohith\\\\AppData\\\\Roaming\\\\npm\\\\node_modules\\\\protractor\\\\node_modules\\\\jasmine-core\\\\lib\\\\jasmine-core\\\\jasmine.js:4217:20)\\n    at runNext (C:\\\\Users\\\\rohith\\\\AppData\\\\Roaming\\\\npm\\\\node_modules\\\\protractor\\\\node_modules\\\\jasmine-core\\\\lib\\\\jasmine-core\\\\jasmine.js:4257:20)\\n    at C:\\\\Users\\\\rohith\\\\AppData\\\\Roaming\\\\npm\\\\node_modules\\\\protractor\\\\node_modules\\\\jasmine-core\\\\lib\\\\jasmine-core\\\\jasmine.js:4264:13\\n    at C:\\\\Users\\\\rohith\\\\AppData\\\\Roaming\\\\npm\\\\node_modules\\\\protractor\\\\node_modules\\\\jasmine-core\\\\lib\\\\jasmine-core\\\\jasmine.js:4172:9\\n    at C:\\\\Users\\\\rohith\\\\AppData\\\\Roaming\\\\npm\\\\node_modules\\\\protractor\\\\node_modules\\\\jasminewd2\\\\index.js:64:48\\n    at ControlFlow.emit (C:\\\\Users\\\\rohith\\\\AppData\\\\Roaming\\\\npm\\\\node_modules\\\\protractor\\\\node_modules\\\\selenium-webdriver\\\\lib\\\\events.js:62:21)\\n    at ControlFlow.shutdown_ (C:\\\\Users\\\\rohith\\\\AppData\\\\Roaming\\\\npm\\\\node_modules\\\\protractor\\\\node_modules\\\\selenium-webdriver\\\\lib\\\\promise.js:2674:10)\\n    at C:\\\\Users\\\\rohith\\\\AppData\\\\Roaming\\\\npm\\\\node_modules\\\\protractor\\\\node_modules\\\\selenium-webdriver\\\\lib\\\\promise.js:2599:53\\nFrom asynchronous test: \\nError\\n    at Suite.<anonymous> (C:\\\\Users\\\\rohith\\\\Documents\\\\JavaScripts\\\\ProtractorWithTypeScript\\\\DropDown.ts:5:5)\\n    at addSpecsToSuite (C:\\\\Users\\\\rohith\\\\AppData\\\\Roaming\\\\npm\\\\node_modules\\\\protractor\\\\node_modules\\\\jasmine-core\\\\lib\\\\jasmine-core\\\\jasmine.js:1107:25)\\n    at Env.describe (C:\\\\Users\\\\rohith\\\\AppData\\\\Roaming\\\\npm\\\\node_modules\\\\protractor\\\\node_modules\\\\jasmine-core\\\\lib\\\\jasmine-core\\\\jasmine.js:1074:7)\\n    at describe (C:\\\\Users\\\\rohith\\\\AppData\\\\Roaming\\\\npm\\\\node_modules\\\\protractor\\\\node_modules\\\\jasmine-core\\\\lib\\\\jasmine-core\\\\jasmine.js:4399:18)\\n    at Object.<anonymous> (C:\\\\Users\\\\rohith\\\\Documents\\\\JavaScripts\\\\ProtractorWithTypeScript\\\\DropDown.ts:4:1)\\n    at Module._compile (node:internal/modules/cjs/loader:1103:14)\\n    at Object.Module._extensions..js (node:internal/modules/cjs/loader:1157:10)\\n    at Module.load (node:internal/modules/cjs/loader:981:32)\\n    at Function.Module._load (node:internal/modules/cjs/loader:822:12)\"],\"browserLogs\":[{\"level\":\"WARNING\",\"message\":\"https://www.sendgb.com/src/plugins/ion-sound/ion.sound.js?v=6.1.5 9 The AudioContext was not allowed to start. It must be resumed (or created) after a user gesture on the page. https://goo.gl/7K7WLu\",\"timestamp\":1648700354679,\"type\":\"\"}],\"screenShotFile\":\"0021006a-00f3-0056-00fd-00c700d3009f.png\",\"timestamp\":1648700352827,\"duration\":24775},{\"description\":\"Testing New Window|Window Handles\",\"passed\":false,\"pending\":false,\"os\":\"Windows\",\"instanceId\":17252,\"browser\":{\"name\":\"chrome\",\"version\":\"100.0.4896.60\"},\"message\":[\"Failed: invalid argument: File not found : C:Users\\rohithDocumentsJavaScriptsProtractorWithTypeScriptJSFileallure-results/demo.png\\n  (Session info: chrome=100.0.4896.60)\\n  (Driver info: chromedriver=99.0.4844.51 (d537ec02474b5afe23684e7963d538896c63ac77-refs/branch-heads/4844@{#875}),platform=Windows NT 10.0.19044 x86_64)\"],\"trace\":[\"WebDriverError: invalid argument: File not found : C:Users\\rohithDocumentsJavaScriptsProtractorWithTypeScriptJSFileallure-results/demo.png\\n  (Session info: chrome=100.0.4896.60)\\n  (Driver info: chromedriver=99.0.4844.51 (d537ec02474b5afe23684e7963d538896c63ac77-refs/branch-heads/4844@{#875}),platform=Windows NT 10.0.19044 x86_64)\\n    at Object.checkLegacyResponse (C:\\\\Users\\\\rohith\\\\AppData\\\\Roaming\\\\npm\\\\node_modules\\\\protractor\\\\node_modules\\\\selenium-webdriver\\\\lib\\\\error.js:546:15)\\n    at parseHttpResponse (C:\\\\Users\\\\rohith\\\\AppData\\\\Roaming\\\\npm\\\\node_modules\\\\protractor\\\\node_modules\\\\selenium-webdriver\\\\lib\\\\http.js:509:13)\\n    at C:\\\\Users\\\\rohith\\\\AppData\\\\Roaming\\\\npm\\\\node_modules\\\\protractor\\\\node_modules\\\\selenium-webdriver\\\\lib\\\\http.js:441:30\\n    at processTicksAndRejections (node:internal/process/task_queues:96:5)\\nFrom: Task: WebElement.sendKeys()\\n    at Driver.schedule (C:\\\\Users\\\\rohith\\\\AppData\\\\Roaming\\\\npm\\\\node_modules\\\\protractor\\\\node_modules\\\\selenium-webdriver\\\\lib\\\\webdriver.js:807:17)\\n    at WebElement.schedule_ (C:\\\\Users\\\\rohith\\\\AppData\\\\Roaming\\\\npm\\\\node_modules\\\\protractor\\\\node_modules\\\\selenium-webdriver\\\\lib\\\\webdriver.js:2010:25)\\n    at WebElement.sendKeys (C:\\\\Users\\\\rohith\\\\AppData\\\\Roaming\\\\npm\\\\node_modules\\\\protractor\\\\node_modules\\\\selenium-webdriver\\\\lib\\\\webdriver.js:2174:19)\\n    at actionFn (C:\\\\Users\\\\rohith\\\\AppData\\\\Roaming\\\\npm\\\\node_modules\\\\protractor\\\\built\\\\element.js:89:44)\\n    at Array.map (<anonymous>)\\n    at C:\\\\Users\\\\rohith\\\\AppData\\\\Roaming\\\\npm\\\\node_modules\\\\protractor\\\\built\\\\element.js:461:65\\n    at ManagedPromise.invokeCallback_ (C:\\\\Users\\\\rohith\\\\AppData\\\\Roaming\\\\npm\\\\node_modules\\\\protractor\\\\node_modules\\\\selenium-webdriver\\\\lib\\\\promise.js:1376:14)\\n    at TaskQueue.execute_ (C:\\\\Users\\\\rohith\\\\AppData\\\\Roaming\\\\npm\\\\node_modules\\\\protractor\\\\node_modules\\\\selenium-webdriver\\\\lib\\\\promise.js:3084:14)\\n    at TaskQueue.executeNext_ (C:\\\\Users\\\\rohith\\\\AppData\\\\Roaming\\\\npm\\\\node_modules\\\\protractor\\\\node_modules\\\\selenium-webdriver\\\\lib\\\\promise.js:3067:27)\\n    at C:\\\\Users\\\\rohith\\\\AppData\\\\Roaming\\\\npm\\\\node_modules\\\\protractor\\\\node_modules\\\\selenium-webdriver\\\\lib\\\\promise.js:2927:27Error\\n    at ElementArrayFinder.applyAction_ (C:\\\\Users\\\\rohith\\\\AppData\\\\Roaming\\\\npm\\\\node_modules\\\\protractor\\\\built\\\\element.js:459:27)\\n    at ElementArrayFinder.<computed> [as sendKeys] (C:\\\\Users\\\\rohith\\\\AppData\\\\Roaming\\\\npm\\\\node_modules\\\\protractor\\\\built\\\\element.js:91:29)\\n    at ElementFinder.<computed> [as sendKeys] (C:\\\\Users\\\\rohith\\\\AppData\\\\Roaming\\\\npm\\\\node_modules\\\\protractor\\\\built\\\\element.js:831:22)\\n    at C:\\\\Users\\\\rohith\\\\Documents\\\\JavaScripts\\\\ProtractorWithTypeScript\\\\DropDown.ts:10:19\\n    at Generator.next (<anonymous>)\\n    at fulfilled (C:\\\\Users\\\\rohith\\\\Documents\\\\JavaScripts\\\\ProtractorWithTypeScript\\\\JSFile\\\\DropDown.js:5:58)\\n    at processTicksAndRejections (node:internal/process/task_queues:96:5)\\nFrom: Task: Run it(\\\"Testing New Window\\\") in control flow\\n    at UserContext.<anonymous> (C:\\\\Users\\\\rohith\\\\AppData\\\\Roaming\\\\npm\\\\node_modules\\\\protractor\\\\node_modules\\\\jasminewd2\\\\index.js:94:19)\\n    at attempt (C:\\\\Users\\\\rohith\\\\AppData\\\\Roaming\\\\npm\\\\node_modules\\\\protractor\\\\node_modules\\\\jasmine-core\\\\lib\\\\jasmine-core\\\\jasmine.js:4297:26)\\n    at QueueRunner.run (C:\\\\Users\\\\rohith\\\\AppData\\\\Roaming\\\\npm\\\\node_modules\\\\protractor\\\\node_modules\\\\jasmine-core\\\\lib\\\\jasmine-core\\\\jasmine.js:4217:20)\\n    at runNext (C:\\\\Users\\\\rohith\\\\AppData\\\\Roaming\\\\npm\\\\node_modules\\\\protractor\\\\node_modules\\\\jasmine-core\\\\lib\\\\jasmine-core\\\\jasmine.js:4257:20)\\n    at C:\\\\Users\\\\rohith\\\\AppData\\\\Roaming\\\\npm\\\\node_modules\\\\protractor\\\\node_modules\\\\jasmine-core\\\\lib\\\\jasmine-core\\\\jasmine.js:4264:13\\n    at C:\\\\Users\\\\rohith\\\\AppData\\\\Roaming\\\\npm\\\\node_modules\\\\protractor\\\\node_modules\\\\jasmine-core\\\\lib\\\\jasmine-core\\\\jasmine.js:4172:9\\n    at C:\\\\Users\\\\rohith\\\\AppData\\\\Roaming\\\\npm\\\\node_modules\\\\protractor\\\\node_modules\\\\jasminewd2\\\\index.js:64:48\\n    at ControlFlow.emit (C:\\\\Users\\\\rohith\\\\AppData\\\\Roaming\\\\npm\\\\node_modules\\\\protractor\\\\node_modules\\\\selenium-webdriver\\\\lib\\\\events.js:62:21)\\n    at ControlFlow.shutdown_ (C:\\\\Users\\\\rohith\\\\AppData\\\\Roaming\\\\npm\\\\node_modules\\\\protractor\\\\node_modules\\\\selenium-webdriver\\\\lib\\\\promise.js:2674:10)\\n    at C:\\\\Users\\\\rohith\\\\AppData\\\\Roaming\\\\npm\\\\node_modules\\\\protractor\\\\node_modules\\\\selenium-webdriver\\\\lib\\\\promise.js:2599:53\\nFrom asynchronous test: \\nError\\n    at Suite.<anonymous> (C:\\\\Users\\\\rohith\\\\Documents\\\\JavaScripts\\\\ProtractorWithTypeScript\\\\DropDown.ts:5:5)\\n    at addSpecsToSuite (C:\\\\Users\\\\rohith\\\\AppData\\\\Roaming\\\\npm\\\\node_modules\\\\protractor\\\\node_modules\\\\jasmine-core\\\\lib\\\\jasmine-core\\\\jasmine.js:1107:25)\\n    at Env.describe (C:\\\\Users\\\\rohith\\\\AppData\\\\Roaming\\\\npm\\\\node_modules\\\\protractor\\\\node_modules\\\\jasmine-core\\\\lib\\\\jasmine-core\\\\jasmine.js:1074:7)\\n    at describe (C:\\\\Users\\\\rohith\\\\AppData\\\\Roaming\\\\npm\\\\node_modules\\\\protractor\\\\node_modules\\\\jasmine-core\\\\lib\\\\jasmine-core\\\\jasmine.js:4399:18)\\n    at Object.<anonymous> (C:\\\\Users\\\\rohith\\\\Documents\\\\JavaScripts\\\\ProtractorWithTypeScript\\\\DropDown.ts:4:1)\\n    at Module._compile (node:internal/modules/cjs/loader:1103:14)\\n    at Object.Module._extensions..js (node:internal/modules/cjs/loader:1157:10)\\n    at Module.load (node:internal/modules/cjs/loader:981:32)\\n    at Function.Module._load (node:internal/modules/cjs/loader:822:12)\"],\"browserLogs\":[{\"level\":\"WARNING\",\"message\":\"https://www.sendgb.com/src/plugins/ion-sound/ion.sound.js?v=6.1.5 9 The AudioContext was not allowed to start. It must be resumed (or created) after a user gesture on the page. https://goo.gl/7K7WLu\",\"timestamp\":1648700419657,\"type\":\"\"}],\"screenShotFile\":\"00d6000e-00d9-0041-0075-00610084003d.png\",\"timestamp\":1648700417788,\"duration\":5891},{\"description\":\"Testing New Window|Window Handles\",\"passed\":false,\"pending\":false,\"os\":\"Windows\",\"instanceId\":16144,\"browser\":{\"name\":\"chrome\",\"version\":\"100.0.4896.60\"},\"message\":[\"Failed: invalid argument: File not found : C:Users\\rohithDocumentsJavaScriptsProtractorWithTypeScriptJSFileallure-results/demo.png\\n  (Session info: chrome=100.0.4896.60)\\n  (Driver info: chromedriver=99.0.4844.51 (d537ec02474b5afe23684e7963d538896c63ac77-refs/branch-heads/4844@{#875}),platform=Windows NT 10.0.19044 x86_64)\"],\"trace\":[\"WebDriverError: invalid argument: File not found : C:Users\\rohithDocumentsJavaScriptsProtractorWithTypeScriptJSFileallure-results/demo.png\\n  (Session info: chrome=100.0.4896.60)\\n  (Driver info: chromedriver=99.0.4844.51 (d537ec02474b5afe23684e7963d538896c63ac77-refs/branch-heads/4844@{#875}),platform=Windows NT 10.0.19044 x86_64)\\n    at Object.checkLegacyResponse (C:\\\\Users\\\\rohith\\\\AppData\\\\Roaming\\\\npm\\\\node_modules\\\\protractor\\\\node_modules\\\\selenium-webdriver\\\\lib\\\\error.js:546:15)\\n    at parseHttpResponse (C:\\\\Users\\\\rohith\\\\AppData\\\\Roaming\\\\npm\\\\node_modules\\\\protractor\\\\node_modules\\\\selenium-webdriver\\\\lib\\\\http.js:509:13)\\n    at C:\\\\Users\\\\rohith\\\\AppData\\\\Roaming\\\\npm\\\\node_modules\\\\protractor\\\\node_modules\\\\selenium-webdriver\\\\lib\\\\http.js:441:30\\n    at processTicksAndRejections (node:internal/process/task_queues:96:5)\\nFrom: Task: WebElement.sendKeys()\\n    at Driver.schedule (C:\\\\Users\\\\rohith\\\\AppData\\\\Roaming\\\\npm\\\\node_modules\\\\protractor\\\\node_modules\\\\selenium-webdriver\\\\lib\\\\webdriver.js:807:17)\\n    at WebElement.schedule_ (C:\\\\Users\\\\rohith\\\\AppData\\\\Roaming\\\\npm\\\\node_modules\\\\protractor\\\\node_modules\\\\selenium-webdriver\\\\lib\\\\webdriver.js:2010:25)\\n    at WebElement.sendKeys (C:\\\\Users\\\\rohith\\\\AppData\\\\Roaming\\\\npm\\\\node_modules\\\\protractor\\\\node_modules\\\\selenium-webdriver\\\\lib\\\\webdriver.js:2174:19)\\n    at actionFn (C:\\\\Users\\\\rohith\\\\AppData\\\\Roaming\\\\npm\\\\node_modules\\\\protractor\\\\built\\\\element.js:89:44)\\n    at Array.map (<anonymous>)\\n    at C:\\\\Users\\\\rohith\\\\AppData\\\\Roaming\\\\npm\\\\node_modules\\\\protractor\\\\built\\\\element.js:461:65\\n    at ManagedPromise.invokeCallback_ (C:\\\\Users\\\\rohith\\\\AppData\\\\Roaming\\\\npm\\\\node_modules\\\\protractor\\\\node_modules\\\\selenium-webdriver\\\\lib\\\\promise.js:1376:14)\\n    at TaskQueue.execute_ (C:\\\\Users\\\\rohith\\\\AppData\\\\Roaming\\\\npm\\\\node_modules\\\\protractor\\\\node_modules\\\\selenium-webdriver\\\\lib\\\\promise.js:3084:14)\\n    at TaskQueue.executeNext_ (C:\\\\Users\\\\rohith\\\\AppData\\\\Roaming\\\\npm\\\\node_modules\\\\protractor\\\\node_modules\\\\selenium-webdriver\\\\lib\\\\promise.js:3067:27)\\n    at C:\\\\Users\\\\rohith\\\\AppData\\\\Roaming\\\\npm\\\\node_modules\\\\protractor\\\\node_modules\\\\selenium-webdriver\\\\lib\\\\promise.js:2927:27Error\\n    at ElementArrayFinder.applyAction_ (C:\\\\Users\\\\rohith\\\\AppData\\\\Roaming\\\\npm\\\\node_modules\\\\protractor\\\\built\\\\element.js:459:27)\\n    at ElementArrayFinder.<computed> [as sendKeys] (C:\\\\Users\\\\rohith\\\\AppData\\\\Roaming\\\\npm\\\\node_modules\\\\protractor\\\\built\\\\element.js:91:29)\\n    at ElementFinder.<computed> [as sendKeys] (C:\\\\Users\\\\rohith\\\\AppData\\\\Roaming\\\\npm\\\\node_modules\\\\protractor\\\\built\\\\element.js:831:22)\\n    at C:\\\\Users\\\\rohith\\\\Documents\\\\JavaScripts\\\\ProtractorWithTypeScript\\\\DropDown.ts:10:19\\n    at Generator.next (<anonymous>)\\n    at fulfilled (C:\\\\Users\\\\rohith\\\\Documents\\\\JavaScripts\\\\ProtractorWithTypeScript\\\\JSFile\\\\DropDown.js:5:58)\\n    at processTicksAndRejections (node:internal/process/task_queues:96:5)\\nFrom: Task: Run it(\\\"Testing New Window\\\") in control flow\\n    at UserContext.<anonymous> (C:\\\\Users\\\\rohith\\\\AppData\\\\Roaming\\\\npm\\\\node_modules\\\\protractor\\\\node_modules\\\\jasminewd2\\\\index.js:94:19)\\n    at attempt (C:\\\\Users\\\\rohith\\\\AppData\\\\Roaming\\\\npm\\\\node_modules\\\\protractor\\\\node_modules\\\\jasmine-core\\\\lib\\\\jasmine-core\\\\jasmine.js:4297:26)\\n    at QueueRunner.run (C:\\\\Users\\\\rohith\\\\AppData\\\\Roaming\\\\npm\\\\node_modules\\\\protractor\\\\node_modules\\\\jasmine-core\\\\lib\\\\jasmine-core\\\\jasmine.js:4217:20)\\n    at runNext (C:\\\\Users\\\\rohith\\\\AppData\\\\Roaming\\\\npm\\\\node_modules\\\\protractor\\\\node_modules\\\\jasmine-core\\\\lib\\\\jasmine-core\\\\jasmine.js:4257:20)\\n    at C:\\\\Users\\\\rohith\\\\AppData\\\\Roaming\\\\npm\\\\node_modules\\\\protractor\\\\node_modules\\\\jasmine-core\\\\lib\\\\jasmine-core\\\\jasmine.js:4264:13\\n    at C:\\\\Users\\\\rohith\\\\AppData\\\\Roaming\\\\npm\\\\node_modules\\\\protractor\\\\node_modules\\\\jasmine-core\\\\lib\\\\jasmine-core\\\\jasmine.js:4172:9\\n    at C:\\\\Users\\\\rohith\\\\AppData\\\\Roaming\\\\npm\\\\node_modules\\\\protractor\\\\node_modules\\\\jasminewd2\\\\index.js:64:48\\n    at ControlFlow.emit (C:\\\\Users\\\\rohith\\\\AppData\\\\Roaming\\\\npm\\\\node_modules\\\\protractor\\\\node_modules\\\\selenium-webdriver\\\\lib\\\\events.js:62:21)\\n    at ControlFlow.shutdown_ (C:\\\\Users\\\\rohith\\\\AppData\\\\Roaming\\\\npm\\\\node_modules\\\\protractor\\\\node_modules\\\\selenium-webdriver\\\\lib\\\\promise.js:2674:10)\\n    at C:\\\\Users\\\\rohith\\\\AppData\\\\Roaming\\\\npm\\\\node_modules\\\\protractor\\\\node_modules\\\\selenium-webdriver\\\\lib\\\\promise.js:2599:53\\nFrom asynchronous test: \\nError\\n    at Suite.<anonymous> (C:\\\\Users\\\\rohith\\\\Documents\\\\JavaScripts\\\\ProtractorWithTypeScript\\\\DropDown.ts:5:5)\\n    at addSpecsToSuite (C:\\\\Users\\\\rohith\\\\AppData\\\\Roaming\\\\npm\\\\node_modules\\\\protractor\\\\node_modules\\\\jasmine-core\\\\lib\\\\jasmine-core\\\\jasmine.js:1107:25)\\n    at Env.describe (C:\\\\Users\\\\rohith\\\\AppData\\\\Roaming\\\\npm\\\\node_modules\\\\protractor\\\\node_modules\\\\jasmine-core\\\\lib\\\\jasmine-core\\\\jasmine.js:1074:7)\\n    at describe (C:\\\\Users\\\\rohith\\\\AppData\\\\Roaming\\\\npm\\\\node_modules\\\\protractor\\\\node_modules\\\\jasmine-core\\\\lib\\\\jasmine-core\\\\jasmine.js:4399:18)\\n    at Object.<anonymous> (C:\\\\Users\\\\rohith\\\\Documents\\\\JavaScripts\\\\ProtractorWithTypeScript\\\\DropDown.ts:4:1)\\n    at Module._compile (node:internal/modules/cjs/loader:1103:14)\\n    at Object.Module._extensions..js (node:internal/modules/cjs/loader:1157:10)\\n    at Module.load (node:internal/modules/cjs/loader:981:32)\\n    at Function.Module._load (node:internal/modules/cjs/loader:822:12)\"],\"browserLogs\":[{\"level\":\"WARNING\",\"message\":\"https://www.sendgb.com/src/plugins/ion-sound/ion.sound.js?v=6.1.5 9 The AudioContext was not allowed to start. It must be resumed (or created) after a user gesture on the page. https://goo.gl/7K7WLu\",\"timestamp\":1648700507185,\"type\":\"\"}],\"screenShotFile\":\"00d000dc-00f2-00fe-003c-005200c000c9.png\",\"timestamp\":1648700504764,\"duration\":4626},{\"description\":\"Testing New Window|Window Handles\",\"passed\":false,\"pending\":false,\"os\":\"Windows\",\"instanceId\":18364,\"browser\":{\"name\":\"chrome\",\"version\":\"100.0.4896.60\"},\"message\":[\"Failed: invalid argument\\n  (Session info: chrome=100.0.4896.60)\\n  (Driver info: chromedriver=99.0.4844.51 (d537ec02474b5afe23684e7963d538896c63ac77-refs/branch-heads/4844@{#875}),platform=Windows NT 10.0.19044 x86_64)\"],\"trace\":[\"WebDriverError: invalid argument\\n  (Session info: chrome=100.0.4896.60)\\n  (Driver info: chromedriver=99.0.4844.51 (d537ec02474b5afe23684e7963d538896c63ac77-refs/branch-heads/4844@{#875}),platform=Windows NT 10.0.19044 x86_64)\\n    at Object.checkLegacyResponse (C:\\\\Users\\\\rohith\\\\AppData\\\\Roaming\\\\npm\\\\node_modules\\\\protractor\\\\node_modules\\\\selenium-webdriver\\\\lib\\\\error.js:546:15)\\n    at parseHttpResponse (C:\\\\Users\\\\rohith\\\\AppData\\\\Roaming\\\\npm\\\\node_modules\\\\protractor\\\\node_modules\\\\selenium-webdriver\\\\lib\\\\http.js:509:13)\\n    at C:\\\\Users\\\\rohith\\\\AppData\\\\Roaming\\\\npm\\\\node_modules\\\\protractor\\\\node_modules\\\\selenium-webdriver\\\\lib\\\\http.js:441:30\\n    at processTicksAndRejections (node:internal/process/task_queues:96:5)\\nFrom: Task: WebElement.click()\\n    at Driver.schedule (C:\\\\Users\\\\rohith\\\\AppData\\\\Roaming\\\\npm\\\\node_modules\\\\protractor\\\\node_modules\\\\selenium-webdriver\\\\lib\\\\webdriver.js:807:17)\\n    at WebElement.schedule_ (C:\\\\Users\\\\rohith\\\\AppData\\\\Roaming\\\\npm\\\\node_modules\\\\protractor\\\\node_modules\\\\selenium-webdriver\\\\lib\\\\webdriver.js:2010:25)\\n    at WebElement.click (C:\\\\Users\\\\rohith\\\\AppData\\\\Roaming\\\\npm\\\\node_modules\\\\protractor\\\\node_modules\\\\selenium-webdriver\\\\lib\\\\webdriver.js:2092:17)\\n    at actionFn (C:\\\\Users\\\\rohith\\\\AppData\\\\Roaming\\\\npm\\\\node_modules\\\\protractor\\\\built\\\\element.js:89:44)\\n    at Array.map (<anonymous>)\\n    at C:\\\\Users\\\\rohith\\\\AppData\\\\Roaming\\\\npm\\\\node_modules\\\\protractor\\\\built\\\\element.js:461:65\\n    at ManagedPromise.invokeCallback_ (C:\\\\Users\\\\rohith\\\\AppData\\\\Roaming\\\\npm\\\\node_modules\\\\protractor\\\\node_modules\\\\selenium-webdriver\\\\lib\\\\promise.js:1376:14)\\n    at TaskQueue.execute_ (C:\\\\Users\\\\rohith\\\\AppData\\\\Roaming\\\\npm\\\\node_modules\\\\protractor\\\\node_modules\\\\selenium-webdriver\\\\lib\\\\promise.js:3084:14)\\n    at TaskQueue.executeNext_ (C:\\\\Users\\\\rohith\\\\AppData\\\\Roaming\\\\npm\\\\node_modules\\\\protractor\\\\node_modules\\\\selenium-webdriver\\\\lib\\\\promise.js:3067:27)\\n    at C:\\\\Users\\\\rohith\\\\AppData\\\\Roaming\\\\npm\\\\node_modules\\\\protractor\\\\node_modules\\\\selenium-webdriver\\\\lib\\\\promise.js:2927:27Error\\n    at ElementArrayFinder.applyAction_ (C:\\\\Users\\\\rohith\\\\AppData\\\\Roaming\\\\npm\\\\node_modules\\\\protractor\\\\built\\\\element.js:459:27)\\n    at ElementArrayFinder.<computed> [as click] (C:\\\\Users\\\\rohith\\\\AppData\\\\Roaming\\\\npm\\\\node_modules\\\\protractor\\\\built\\\\element.js:91:29)\\n    at ElementFinder.<computed> [as click] (C:\\\\Users\\\\rohith\\\\AppData\\\\Roaming\\\\npm\\\\node_modules\\\\protractor\\\\built\\\\element.js:831:22)\\n    at C:\\\\Users\\\\rohith\\\\Documents\\\\JavaScripts\\\\ProtractorWithTypeScript\\\\DropDown.ts:12:19\\n    at Generator.next (<anonymous>)\\n    at fulfilled (C:\\\\Users\\\\rohith\\\\Documents\\\\JavaScripts\\\\ProtractorWithTypeScript\\\\JSFile\\\\DropDown.js:5:58)\\n    at processTicksAndRejections (node:internal/process/task_queues:96:5)\\nFrom: Task: Run it(\\\"Testing New Window\\\") in control flow\\n    at UserContext.<anonymous> (C:\\\\Users\\\\rohith\\\\AppData\\\\Roaming\\\\npm\\\\node_modules\\\\protractor\\\\node_modules\\\\jasminewd2\\\\index.js:94:19)\\n    at attempt (C:\\\\Users\\\\rohith\\\\AppData\\\\Roaming\\\\npm\\\\node_modules\\\\protractor\\\\node_modules\\\\jasmine-core\\\\lib\\\\jasmine-core\\\\jasmine.js:4297:26)\\n    at QueueRunner.run (C:\\\\Users\\\\rohith\\\\AppData\\\\Roaming\\\\npm\\\\node_modules\\\\protractor\\\\node_modules\\\\jasmine-core\\\\lib\\\\jasmine-core\\\\jasmine.js:4217:20)\\n    at runNext (C:\\\\Users\\\\rohith\\\\AppData\\\\Roaming\\\\npm\\\\node_modules\\\\protractor\\\\node_modules\\\\jasmine-core\\\\lib\\\\jasmine-core\\\\jasmine.js:4257:20)\\n    at C:\\\\Users\\\\rohith\\\\AppData\\\\Roaming\\\\npm\\\\node_modules\\\\protractor\\\\node_modules\\\\jasmine-core\\\\lib\\\\jasmine-core\\\\jasmine.js:4264:13\\n    at C:\\\\Users\\\\rohith\\\\AppData\\\\Roaming\\\\npm\\\\node_modules\\\\protractor\\\\node_modules\\\\jasmine-core\\\\lib\\\\jasmine-core\\\\jasmine.js:4172:9\\n    at C:\\\\Users\\\\rohith\\\\AppData\\\\Roaming\\\\npm\\\\node_modules\\\\protractor\\\\node_modules\\\\jasminewd2\\\\index.js:64:48\\n    at ControlFlow.emit (C:\\\\Users\\\\rohith\\\\AppData\\\\Roaming\\\\npm\\\\node_modules\\\\protractor\\\\node_modules\\\\selenium-webdriver\\\\lib\\\\events.js:62:21)\\n    at ControlFlow.shutdown_ (C:\\\\Users\\\\rohith\\\\AppData\\\\Roaming\\\\npm\\\\node_modules\\\\protractor\\\\node_modules\\\\selenium-webdriver\\\\lib\\\\promise.js:2674:10)\\n    at C:\\\\Users\\\\rohith\\\\AppData\\\\Roaming\\\\npm\\\\node_modules\\\\protractor\\\\node_modules\\\\selenium-webdriver\\\\lib\\\\promise.js:2599:53\\nFrom asynchronous test: \\nError\\n    at Suite.<anonymous> (C:\\\\Users\\\\rohith\\\\Documents\\\\JavaScripts\\\\ProtractorWithTypeScript\\\\DropDown.ts:6:5)\\n    at addSpecsToSuite (C:\\\\Users\\\\rohith\\\\AppData\\\\Roaming\\\\npm\\\\node_modules\\\\protractor\\\\node_modules\\\\jasmine-core\\\\lib\\\\jasmine-core\\\\jasmine.js:1107:25)\\n    at Env.describe (C:\\\\Users\\\\rohith\\\\AppData\\\\Roaming\\\\npm\\\\node_modules\\\\protractor\\\\node_modules\\\\jasmine-core\\\\lib\\\\jasmine-core\\\\jasmine.js:1074:7)\\n    at describe (C:\\\\Users\\\\rohith\\\\AppData\\\\Roaming\\\\npm\\\\node_modules\\\\protractor\\\\node_modules\\\\jasmine-core\\\\lib\\\\jasmine-core\\\\jasmine.js:4399:18)\\n    at Object.<anonymous> (C:\\\\Users\\\\rohith\\\\Documents\\\\JavaScripts\\\\ProtractorWithTypeScript\\\\DropDown.ts:5:1)\\n    at Module._compile (node:internal/modules/cjs/loader:1103:14)\\n    at Object.Module._extensions..js (node:internal/modules/cjs/loader:1157:10)\\n    at Module.load (node:internal/modules/cjs/loader:981:32)\\n    at Function.Module._load (node:internal/modules/cjs/loader:822:12)\"],\"browserLogs\":[{\"level\":\"WARNING\",\"message\":\"https://www.sendgb.com/src/plugins/ion-sound/ion.sound.js?v=6.1.5 9 The AudioContext was not allowed to start. It must be resumed (or created) after a user gesture on the page. https://goo.gl/7K7WLu\",\"timestamp\":1648700563305,\"type\":\"\"}],\"screenShotFile\":\"00710078-000f-000d-008b-003f002d0047.png\",\"timestamp\":1648700561351,\"duration\":3903},{\"description\":\"Testing New Window|Window Handles\",\"passed\":true,\"pending\":false,\"os\":\"Windows\",\"instanceId\":8,\"browser\":{\"name\":\"chrome\",\"version\":\"100.0.4896.60\"},\"message\":\"Passed\",\"browserLogs\":[{\"level\":\"WARNING\",\"message\":\"https://www.sendgb.com/src/plugins/ion-sound/ion.sound.js?v=6.1.5 9 The AudioContext was not allowed to start. It must be resumed (or created) after a user gesture on the page. https://goo.gl/7K7WLu\",\"timestamp\":1648700628054,\"type\":\"\"}],\"timestamp\":1648700626186,\"duration\":23275},{\"description\":\"Testing New Window|Window Handles\",\"passed\":false,\"pending\":false,\"os\":\"Windows\",\"instanceId\":9300,\"browser\":{\"name\":\"chrome\",\"version\":\"100.0.4896.60\"},\"message\":[\"Failed: invalid argument\\n  (Session info: chrome=100.0.4896.60)\\n  (Driver info: chromedriver=99.0.4844.51 (d537ec02474b5afe23684e7963d538896c63ac77-refs/branch-heads/4844@{#875}),platform=Windows NT 10.0.19044 x86_64)\"],\"trace\":[\"WebDriverError: invalid argument\\n  (Session info: chrome=100.0.4896.60)\\n  (Driver info: chromedriver=99.0.4844.51 (d537ec02474b5afe23684e7963d538896c63ac77-refs/branch-heads/4844@{#875}),platform=Windows NT 10.0.19044 x86_64)\\n    at Object.checkLegacyResponse (C:\\\\Users\\\\rohith\\\\AppData\\\\Roaming\\\\npm\\\\node_modules\\\\protractor\\\\node_modules\\\\selenium-webdriver\\\\lib\\\\error.js:546:15)\\n    at parseHttpResponse (C:\\\\Users\\\\rohith\\\\AppData\\\\Roaming\\\\npm\\\\node_modules\\\\protractor\\\\node_modules\\\\selenium-webdriver\\\\lib\\\\http.js:509:13)\\n    at C:\\\\Users\\\\rohith\\\\AppData\\\\Roaming\\\\npm\\\\node_modules\\\\protractor\\\\node_modules\\\\selenium-webdriver\\\\lib\\\\http.js:441:30\\n    at processTicksAndRejections (node:internal/process/task_queues:96:5)\\nFrom: Task: WebElement.click()\\n    at Driver.schedule (C:\\\\Users\\\\rohith\\\\AppData\\\\Roaming\\\\npm\\\\node_modules\\\\protractor\\\\node_modules\\\\selenium-webdriver\\\\lib\\\\webdriver.js:807:17)\\n    at WebElement.schedule_ (C:\\\\Users\\\\rohith\\\\AppData\\\\Roaming\\\\npm\\\\node_modules\\\\protractor\\\\node_modules\\\\selenium-webdriver\\\\lib\\\\webdriver.js:2010:25)\\n    at WebElement.click (C:\\\\Users\\\\rohith\\\\AppData\\\\Roaming\\\\npm\\\\node_modules\\\\protractor\\\\node_modules\\\\selenium-webdriver\\\\lib\\\\webdriver.js:2092:17)\\n    at actionFn (C:\\\\Users\\\\rohith\\\\AppData\\\\Roaming\\\\npm\\\\node_modules\\\\protractor\\\\built\\\\element.js:89:44)\\n    at Array.map (<anonymous>)\\n    at C:\\\\Users\\\\rohith\\\\AppData\\\\Roaming\\\\npm\\\\node_modules\\\\protractor\\\\built\\\\element.js:461:65\\n    at ManagedPromise.invokeCallback_ (C:\\\\Users\\\\rohith\\\\AppData\\\\Roaming\\\\npm\\\\node_modules\\\\protractor\\\\node_modules\\\\selenium-webdriver\\\\lib\\\\promise.js:1376:14)\\n    at TaskQueue.execute_ (C:\\\\Users\\\\rohith\\\\AppData\\\\Roaming\\\\npm\\\\node_modules\\\\protractor\\\\node_modules\\\\selenium-webdriver\\\\lib\\\\promise.js:3084:14)\\n    at TaskQueue.executeNext_ (C:\\\\Users\\\\rohith\\\\AppData\\\\Roaming\\\\npm\\\\node_modules\\\\protractor\\\\node_modules\\\\selenium-webdriver\\\\lib\\\\promise.js:3067:27)\\n    at C:\\\\Users\\\\rohith\\\\AppData\\\\Roaming\\\\npm\\\\node_modules\\\\protractor\\\\node_modules\\\\selenium-webdriver\\\\lib\\\\promise.js:2927:27Error\\n    at ElementArrayFinder.applyAction_ (C:\\\\Users\\\\rohith\\\\AppData\\\\Roaming\\\\npm\\\\node_modules\\\\protractor\\\\built\\\\element.js:459:27)\\n    at ElementArrayFinder.<computed> [as click] (C:\\\\Users\\\\rohith\\\\AppData\\\\Roaming\\\\npm\\\\node_modules\\\\protractor\\\\built\\\\element.js:91:29)\\n    at ElementFinder.<computed> [as click] (C:\\\\Users\\\\rohith\\\\AppData\\\\Roaming\\\\npm\\\\node_modules\\\\protractor\\\\built\\\\element.js:831:22)\\n    at C:\\\\Users\\\\rohith\\\\Documents\\\\JavaScripts\\\\ProtractorWithTypeScript\\\\DropDown.ts:12:19\\n    at Generator.next (<anonymous>)\\n    at fulfilled (C:\\\\Users\\\\rohith\\\\Documents\\\\JavaScripts\\\\ProtractorWithTypeScript\\\\JSFile\\\\DropDown.js:5:58)\\nFrom: Task: Run it(\\\"Testing New Window\\\") in control flow\\n    at UserContext.<anonymous> (C:\\\\Users\\\\rohith\\\\AppData\\\\Roaming\\\\npm\\\\node_modules\\\\protractor\\\\node_modules\\\\jasminewd2\\\\index.js:94:19)\\n    at attempt (C:\\\\Users\\\\rohith\\\\AppData\\\\Roaming\\\\npm\\\\node_modules\\\\protractor\\\\node_modules\\\\jasmine-core\\\\lib\\\\jasmine-core\\\\jasmine.js:4297:26)\\n    at QueueRunner.run (C:\\\\Users\\\\rohith\\\\AppData\\\\Roaming\\\\npm\\\\node_modules\\\\protractor\\\\node_modules\\\\jasmine-core\\\\lib\\\\jasmine-core\\\\jasmine.js:4217:20)\\n    at runNext (C:\\\\Users\\\\rohith\\\\AppData\\\\Roaming\\\\npm\\\\node_modules\\\\protractor\\\\node_modules\\\\jasmine-core\\\\lib\\\\jasmine-core\\\\jasmine.js:4257:20)\\n    at C:\\\\Users\\\\rohith\\\\AppData\\\\Roaming\\\\npm\\\\node_modules\\\\protractor\\\\node_modules\\\\jasmine-core\\\\lib\\\\jasmine-core\\\\jasmine.js:4264:13\\n    at C:\\\\Users\\\\rohith\\\\AppData\\\\Roaming\\\\npm\\\\node_modules\\\\protractor\\\\node_modules\\\\jasmine-core\\\\lib\\\\jasmine-core\\\\jasmine.js:4172:9\\n    at C:\\\\Users\\\\rohith\\\\AppData\\\\Roaming\\\\npm\\\\node_modules\\\\protractor\\\\node_modules\\\\jasminewd2\\\\index.js:64:48\\n    at ControlFlow.emit (C:\\\\Users\\\\rohith\\\\AppData\\\\Roaming\\\\npm\\\\node_modules\\\\protractor\\\\node_modules\\\\selenium-webdriver\\\\lib\\\\events.js:62:21)\\n    at ControlFlow.shutdown_ (C:\\\\Users\\\\rohith\\\\AppData\\\\Roaming\\\\npm\\\\node_modules\\\\protractor\\\\node_modules\\\\selenium-webdriver\\\\lib\\\\promise.js:2674:10)\\n    at C:\\\\Users\\\\rohith\\\\AppData\\\\Roaming\\\\npm\\\\node_modules\\\\protractor\\\\node_modules\\\\selenium-webdriver\\\\lib\\\\promise.js:2599:53\\nFrom asynchronous test: \\nError\\n    at Suite.<anonymous> (C:\\\\Users\\\\rohith\\\\Documents\\\\JavaScripts\\\\ProtractorWithTypeScript\\\\DropDown.ts:6:5)\\n    at addSpecsToSuite (C:\\\\Users\\\\rohith\\\\AppData\\\\Roaming\\\\npm\\\\node_modules\\\\protractor\\\\node_modules\\\\jasmine-core\\\\lib\\\\jasmine-core\\\\jasmine.js:1107:25)\\n    at Env.describe (C:\\\\Users\\\\rohith\\\\AppData\\\\Roaming\\\\npm\\\\node_modules\\\\protractor\\\\node_modules\\\\jasmine-core\\\\lib\\\\jasmine-core\\\\jasmine.js:1074:7)\\n    at describe (C:\\\\Users\\\\rohith\\\\AppData\\\\Roaming\\\\npm\\\\node_modules\\\\protractor\\\\node_modules\\\\jasmine-core\\\\lib\\\\jasmine-core\\\\jasmine.js:4399:18)\\n    at Object.<anonymous> (C:\\\\Users\\\\rohith\\\\Documents\\\\JavaScripts\\\\ProtractorWithTypeScript\\\\DropDown.ts:5:1)\\n    at Module._compile (node:internal/modules/cjs/loader:1103:14)\\n    at Object.Module._extensions..js (node:internal/modules/cjs/loader:1157:10)\\n    at Module.load (node:internal/modules/cjs/loader:981:32)\\n    at Function.Module._load (node:internal/modules/cjs/loader:822:12)\"],\"browserLogs\":[{\"level\":\"WARNING\",\"message\":\"https://www.sendgb.com/src/plugins/ion-sound/ion.sound.js?v=6.1.5 9 The AudioContext was not allowed to start. It must be resumed (or created) after a user gesture on the page. https://goo.gl/7K7WLu\",\"timestamp\":1648700685755,\"type\":\"\"}],\"screenShotFile\":\"00da0044-0018-008b-0037-00c1005a00bb.png\",\"timestamp\":1648700683556,\"duration\":14789},{\"description\":\"Testing New Window|Window Handles\",\"passed\":false,\"pending\":false,\"os\":\"Windows\",\"instanceId\":10148,\"browser\":{\"name\":\"chrome\",\"version\":\"100.0.4896.60\"},\"message\":[\"Error: Timeout - Async callback was not invoked within timeout specified by jasmine.DEFAULT_TIMEOUT_INTERVAL.\"],\"trace\":[\"Error: Timeout - Async callback was not invoked within timeout specified by jasmine.DEFAULT_TIMEOUT_INTERVAL.\\n    at Timeout._onTimeout (C:\\\\Users\\\\rohith\\\\AppData\\\\Roaming\\\\npm\\\\node_modules\\\\protractor\\\\node_modules\\\\jasmine-core\\\\lib\\\\jasmine-core\\\\jasmine.js:4281:23)\\n    at listOnTimeout (node:internal/timers:559:17)\\n    at processTimers (node:internal/timers:502:7)\"],\"browserLogs\":[{\"level\":\"WARNING\",\"message\":\"https://www.sendgb.com/src/plugins/ion-sound/ion.sound.js?v=6.1.5 9 The AudioContext was not allowed to start. It must be resumed (or created) after a user gesture on the page. https://goo.gl/7K7WLu\",\"timestamp\":1648700873751,\"type\":\"\"},{\"level\":\"WARNING\",\"message\":\"javascript 2 File chooser dialog can only be shown with a user activation.\",\"timestamp\":1648700886698,\"type\":\"\"}],\"screenShotFile\":\"00240072-007a-0086-0028-0057000600db.png\",\"timestamp\":1648700872010,\"duration\":34726},{\"description\":\"Testing New Window|Window Handles\",\"passed\":false,\"pending\":false,\"os\":\"Windows\",\"instanceId\":18936,\"browser\":{\"name\":\"chrome\",\"version\":\"100.0.4896.60\"},\"message\":[\"Error: Timeout - Async callback was not invoked within timeout specified by jasmine.DEFAULT_TIMEOUT_INTERVAL.\"],\"trace\":[\"Error: Timeout - Async callback was not invoked within timeout specified by jasmine.DEFAULT_TIMEOUT_INTERVAL.\\n    at Timeout._onTimeout (C:\\\\Users\\\\rohith\\\\AppData\\\\Roaming\\\\npm\\\\node_modules\\\\protractor\\\\node_modules\\\\jasmine-core\\\\lib\\\\jasmine-core\\\\jasmine.js:4281:23)\\n    at listOnTimeout (node:internal/timers:559:17)\\n    at processTimers (node:internal/timers:502:7)\"],\"browserLogs\":[{\"level\":\"WARNING\",\"message\":\"https://www.sendgb.com/src/plugins/ion-sound/ion.sound.js?v=6.1.5 9 The AudioContext was not allowed to start. It must be resumed (or created) after a user gesture on the page. https://goo.gl/7K7WLu\",\"timestamp\":1648700995710,\"type\":\"\"},{\"level\":\"WARNING\",\"message\":\"javascript 2 File chooser dialog can only be shown with a user activation.\",\"timestamp\":1648701008437,\"type\":\"\"}],\"screenShotFile\":\"0020006b-0080-00ef-0076-00b100db00ea.png\",\"timestamp\":1648700993886,\"duration\":34590},{\"description\":\"Testing New Window|Window Handles\",\"passed\":false,\"pending\":false,\"os\":\"Windows\",\"instanceId\":15516,\"browser\":{\"name\":\"chrome\",\"version\":\"100.0.4896.60\"},\"message\":[\"Error: Timeout - Async callback was not invoked within timeout specified by jasmine.DEFAULT_TIMEOUT_INTERVAL.\"],\"trace\":[\"Error: Timeout - Async callback was not invoked within timeout specified by jasmine.DEFAULT_TIMEOUT_INTERVAL.\\n    at Timeout._onTimeout (C:\\\\Users\\\\rohith\\\\AppData\\\\Roaming\\\\npm\\\\node_modules\\\\protractor\\\\node_modules\\\\jasmine-core\\\\lib\\\\jasmine-core\\\\jasmine.js:4281:23)\\n    at listOnTimeout (node:internal/timers:559:17)\\n    at processTimers (node:internal/timers:502:7)\"],\"browserLogs\":[{\"level\":\"WARNING\",\"message\":\"https://www.sendgb.com/src/plugins/ion-sound/ion.sound.js?v=6.1.5 9 The AudioContext was not allowed to start. It must be resumed (or created) after a user gesture on the page. https://goo.gl/7K7WLu\",\"timestamp\":1648701155365,\"type\":\"\"},{\"level\":\"WARNING\",\"message\":\"javascript 2 File chooser dialog can only be shown with a user activation.\",\"timestamp\":1648701168129,\"type\":\"\"}],\"screenShotFile\":\"00fa0043-005e-0046-007b-000b00c60029.png\",\"timestamp\":1648701153624,\"duration\":34538},{\"description\":\"Testing New Window|Window Handles\",\"passed\":false,\"pending\":false,\"os\":\"Windows\",\"instanceId\":12336,\"browser\":{\"name\":\"chrome\",\"version\":\"100.0.4896.60\"},\"message\":[\"Failed: Angular could not be found on the page https://www.sendgb.com/. If this is not an Angular application, you may need to turn off waiting for Angular.\\n                          Please see \\n                          https://github.com/angular/protractor/blob/master/docs/timeouts.md#waiting-for-angular-on-page-load\"],\"trace\":[\"Error: Angular could not be found on the page https://www.sendgb.com/. If this is not an Angular application, you may need to turn off waiting for Angular.\\n                          Please see \\n                          https://github.com/angular/protractor/blob/master/docs/timeouts.md#waiting-for-angular-on-page-load\\n    at C:\\\\Users\\\\rohith\\\\AppData\\\\Roaming\\\\npm\\\\node_modules\\\\protractor\\\\built\\\\browser.js:718:27\\n    at ManagedPromise.invokeCallback_ (C:\\\\Users\\\\rohith\\\\AppData\\\\Roaming\\\\npm\\\\node_modules\\\\protractor\\\\node_modules\\\\selenium-webdriver\\\\lib\\\\promise.js:1376:14)\\n    at TaskQueue.execute_ (C:\\\\Users\\\\rohith\\\\AppData\\\\Roaming\\\\npm\\\\node_modules\\\\protractor\\\\node_modules\\\\selenium-webdriver\\\\lib\\\\promise.js:3084:14)\\n    at TaskQueue.executeNext_ (C:\\\\Users\\\\rohith\\\\AppData\\\\Roaming\\\\npm\\\\node_modules\\\\protractor\\\\node_modules\\\\selenium-webdriver\\\\lib\\\\promise.js:3067:27)\\n    at C:\\\\Users\\\\rohith\\\\AppData\\\\Roaming\\\\npm\\\\node_modules\\\\protractor\\\\node_modules\\\\selenium-webdriver\\\\lib\\\\promise.js:2927:27\\n    at C:\\\\Users\\\\rohith\\\\AppData\\\\Roaming\\\\npm\\\\node_modules\\\\protractor\\\\node_modules\\\\selenium-webdriver\\\\lib\\\\promise.js:668:7\\n    at processTicksAndRejections (node:internal/process/task_queues:96:5)\\nFrom: Task: Run it(\\\"Testing New Window\\\") in control flow\\n    at UserContext.<anonymous> (C:\\\\Users\\\\rohith\\\\AppData\\\\Roaming\\\\npm\\\\node_modules\\\\protractor\\\\node_modules\\\\jasminewd2\\\\index.js:94:19)\\n    at attempt (C:\\\\Users\\\\rohith\\\\AppData\\\\Roaming\\\\npm\\\\node_modules\\\\protractor\\\\node_modules\\\\jasmine-core\\\\lib\\\\jasmine-core\\\\jasmine.js:4297:26)\\n    at QueueRunner.run (C:\\\\Users\\\\rohith\\\\AppData\\\\Roaming\\\\npm\\\\node_modules\\\\protractor\\\\node_modules\\\\jasmine-core\\\\lib\\\\jasmine-core\\\\jasmine.js:4217:20)\\n    at runNext (C:\\\\Users\\\\rohith\\\\AppData\\\\Roaming\\\\npm\\\\node_modules\\\\protractor\\\\node_modules\\\\jasmine-core\\\\lib\\\\jasmine-core\\\\jasmine.js:4257:20)\\n    at C:\\\\Users\\\\rohith\\\\AppData\\\\Roaming\\\\npm\\\\node_modules\\\\protractor\\\\node_modules\\\\jasmine-core\\\\lib\\\\jasmine-core\\\\jasmine.js:4264:13\\n    at C:\\\\Users\\\\rohith\\\\AppData\\\\Roaming\\\\npm\\\\node_modules\\\\protractor\\\\node_modules\\\\jasmine-core\\\\lib\\\\jasmine-core\\\\jasmine.js:4172:9\\n    at C:\\\\Users\\\\rohith\\\\AppData\\\\Roaming\\\\npm\\\\node_modules\\\\protractor\\\\node_modules\\\\jasminewd2\\\\index.js:64:48\\n    at ControlFlow.emit (C:\\\\Users\\\\rohith\\\\AppData\\\\Roaming\\\\npm\\\\node_modules\\\\protractor\\\\node_modules\\\\selenium-webdriver\\\\lib\\\\events.js:62:21)\\n    at ControlFlow.shutdown_ (C:\\\\Users\\\\rohith\\\\AppData\\\\Roaming\\\\npm\\\\node_modules\\\\protractor\\\\node_modules\\\\selenium-webdriver\\\\lib\\\\promise.js:2674:10)\\n    at C:\\\\Users\\\\rohith\\\\AppData\\\\Roaming\\\\npm\\\\node_modules\\\\protractor\\\\node_modules\\\\selenium-webdriver\\\\lib\\\\promise.js:2599:53\\nFrom asynchronous test: \\nError\\n    at Suite.<anonymous> (C:\\\\Users\\\\rohith\\\\Documents\\\\JavaScripts\\\\ProtractorWithTypeScript\\\\DropDown.ts:6:5)\\n    at addSpecsToSuite (C:\\\\Users\\\\rohith\\\\AppData\\\\Roaming\\\\npm\\\\node_modules\\\\protractor\\\\node_modules\\\\jasmine-core\\\\lib\\\\jasmine-core\\\\jasmine.js:1107:25)\\n    at Env.describe (C:\\\\Users\\\\rohith\\\\AppData\\\\Roaming\\\\npm\\\\node_modules\\\\protractor\\\\node_modules\\\\jasmine-core\\\\lib\\\\jasmine-core\\\\jasmine.js:1074:7)\\n    at describe (C:\\\\Users\\\\rohith\\\\AppData\\\\Roaming\\\\npm\\\\node_modules\\\\protractor\\\\node_modules\\\\jasmine-core\\\\lib\\\\jasmine-core\\\\jasmine.js:4399:18)\\n    at Object.<anonymous> (C:\\\\Users\\\\rohith\\\\Documents\\\\JavaScripts\\\\ProtractorWithTypeScript\\\\DropDown.ts:5:1)\\n    at Module._compile (node:internal/modules/cjs/loader:1103:14)\\n    at Object.Module._extensions..js (node:internal/modules/cjs/loader:1157:10)\\n    at Module.load (node:internal/modules/cjs/loader:981:32)\\n    at Function.Module._load (node:internal/modules/cjs/loader:822:12)\"],\"browserLogs\":[{\"level\":\"WARNING\",\"message\":\"https://www.sendgb.com/src/plugins/ion-sound/ion.sound.js?v=6.1.5 9 The AudioContext was not allowed to start. It must be resumed (or created) after a user gesture on the page. https://goo.gl/7K7WLu\",\"timestamp\":1648701229765,\"type\":\"\"}],\"screenShotFile\":\"008e00a3-00c2-008a-0010-005c005c0045.png\",\"timestamp\":1648701227759,\"duration\":15080},{\"description\":\"Testing New Window|Window Handles\",\"passed\":false,\"pending\":false,\"os\":\"Windows\",\"instanceId\":10496,\"browser\":{\"name\":\"chrome\",\"version\":\"100.0.4896.60\"},\"message\":[\"Error: Timeout - Async callback was not invoked within timeout specified by jasmine.DEFAULT_TIMEOUT_INTERVAL.\"],\"trace\":[\"Error: Timeout - Async callback was not invoked within timeout specified by jasmine.DEFAULT_TIMEOUT_INTERVAL.\\n    at Timeout._onTimeout (C:\\\\Users\\\\rohith\\\\AppData\\\\Roaming\\\\npm\\\\node_modules\\\\protractor\\\\node_modules\\\\jasmine-core\\\\lib\\\\jasmine-core\\\\jasmine.js:4281:23)\\n    at listOnTimeout (node:internal/timers:559:17)\\n    at processTimers (node:internal/timers:502:7)\"],\"browserLogs\":[{\"level\":\"WARNING\",\"message\":\"https://www.sendgb.com/src/plugins/ion-sound/ion.sound.js?v=6.1.5 9 The AudioContext was not allowed to start. It must be resumed (or created) after a user gesture on the page. https://goo.gl/7K7WLu\",\"timestamp\":1648701294388,\"type\":\"\"},{\"level\":\"WARNING\",\"message\":\"javascript 2 File chooser dialog can only be shown with a user activation.\",\"timestamp\":1648701306158,\"type\":\"\"}],\"screenShotFile\":\"009f000a-0029-0083-005d-00a5002000ec.png\",\"timestamp\":1648701292217,\"duration\":33985},{\"description\":\"Testing New Window|Window Handles\",\"passed\":false,\"pending\":false,\"os\":\"Windows\",\"instanceId\":10768,\"browser\":{\"name\":\"chrome\",\"version\":\"100.0.4896.60\"},\"message\":[\"Error: Timeout - Async callback was not invoked within timeout specified by jasmine.DEFAULT_TIMEOUT_INTERVAL.\"],\"trace\":[\"Error: Timeout - Async callback was not invoked within timeout specified by jasmine.DEFAULT_TIMEOUT_INTERVAL.\\n    at Timeout._onTimeout (C:\\\\Users\\\\rohith\\\\AppData\\\\Roaming\\\\npm\\\\node_modules\\\\protractor\\\\node_modules\\\\jasmine-core\\\\lib\\\\jasmine-core\\\\jasmine.js:4281:23)\\n    at listOnTimeout (node:internal/timers:559:17)\\n    at processTimers (node:internal/timers:502:7)\"],\"browserLogs\":[{\"level\":\"WARNING\",\"message\":\"https://www.sendgb.com/src/plugins/ion-sound/ion.sound.js?v=6.1.5 9 The AudioContext was not allowed to start. It must be resumed (or created) after a user gesture on the page. https://goo.gl/7K7WLu\",\"timestamp\":1648701702766,\"type\":\"\"}],\"screenShotFile\":\"00a500f2-00b8-0081-002e-004f00a300d9.png\",\"timestamp\":1648701700711,\"duration\":35786},{\"description\":\"Testing New Window|Window Handles\",\"passed\":false,\"pending\":false,\"os\":\"Windows\",\"instanceId\":9796,\"browser\":{\"name\":\"chrome\",\"version\":\"100.0.4896.60\"},\"message\":[\"Error: Timeout - Async callback was not invoked within timeout specified by jasmine.DEFAULT_TIMEOUT_INTERVAL.\"],\"trace\":[\"Error: Timeout - Async callback was not invoked within timeout specified by jasmine.DEFAULT_TIMEOUT_INTERVAL.\\n    at Timeout._onTimeout (C:\\\\Users\\\\rohith\\\\AppData\\\\Roaming\\\\npm\\\\node_modules\\\\protractor\\\\node_modules\\\\jasmine-core\\\\lib\\\\jasmine-core\\\\jasmine.js:4281:23)\\n    at listOnTimeout (node:internal/timers:559:17)\\n    at processTimers (node:internal/timers:502:7)\"],\"browserLogs\":[{\"level\":\"WARNING\",\"message\":\"https://www.sendgb.com/src/plugins/ion-sound/ion.sound.js?v=6.1.5 9 The AudioContext was not allowed to start. It must be resumed (or created) after a user gesture on the page. https://goo.gl/7K7WLu\",\"timestamp\":1648701873962,\"type\":\"\"}],\"screenShotFile\":\"00440004-00c6-0066-00c3-00dc00390035.png\",\"timestamp\":1648701872092,\"duration\":34800},{\"description\":\"Testing New Window|Window Handles\",\"passed\":false,\"pending\":false,\"os\":\"Windows\",\"instanceId\":18548,\"browser\":{\"name\":\"chrome\",\"version\":\"100.0.4896.60\"},\"message\":[\"Error: Timeout - Async callback was not invoked within timeout specified by jasmine.DEFAULT_TIMEOUT_INTERVAL.\"],\"trace\":[\"Error: Timeout - Async callback was not invoked within timeout specified by jasmine.DEFAULT_TIMEOUT_INTERVAL.\\n    at Timeout._onTimeout (C:\\\\Users\\\\rohith\\\\AppData\\\\Roaming\\\\npm\\\\node_modules\\\\protractor\\\\node_modules\\\\jasmine-core\\\\lib\\\\jasmine-core\\\\jasmine.js:4281:23)\\n    at listOnTimeout (node:internal/timers:559:17)\\n    at processTimers (node:internal/timers:502:7)\"],\"browserLogs\":[{\"level\":\"WARNING\",\"message\":\"https://www.sendgb.com/src/plugins/ion-sound/ion.sound.js?v=6.1.5 9 The AudioContext was not allowed to start. It must be resumed (or created) after a user gesture on the page. https://goo.gl/7K7WLu\",\"timestamp\":1648701997488,\"type\":\"\"}],\"screenShotFile\":\"006c0035-00ba-0099-00fc-00ae005400cc.png\",\"timestamp\":1648701995710,\"duration\":34056},{\"description\":\"Testing New Window|Window Handles\",\"passed\":false,\"pending\":false,\"os\":\"Windows\",\"instanceId\":18780,\"browser\":{\"name\":\"chrome\",\"version\":\"100.0.4896.60\"},\"message\":[\"Error: Timeout - Async callback was not invoked within timeout specified by jasmine.DEFAULT_TIMEOUT_INTERVAL.\"],\"trace\":[\"Error: Timeout - Async callback was not invoked within timeout specified by jasmine.DEFAULT_TIMEOUT_INTERVAL.\\n    at Timeout._onTimeout (C:\\\\Users\\\\rohith\\\\AppData\\\\Roaming\\\\npm\\\\node_modules\\\\protractor\\\\node_modules\\\\jasmine-core\\\\lib\\\\jasmine-core\\\\jasmine.js:4281:23)\\n    at listOnTimeout (node:internal/timers:559:17)\\n    at processTimers (node:internal/timers:502:7)\"],\"browserLogs\":[{\"level\":\"WARNING\",\"message\":\"https://www.sendgb.com/src/plugins/ion-sound/ion.sound.js?v=6.1.5 9 The AudioContext was not allowed to start. It must be resumed (or created) after a user gesture on the page. https://goo.gl/7K7WLu\",\"timestamp\":1648702108108,\"type\":\"\"}],\"screenShotFile\":\"00d500c0-00b5-0009-00f4-00310088001a.png\",\"timestamp\":1648702106180,\"duration\":35278},{\"description\":\"Testing New Window|Window Handles\",\"passed\":false,\"pending\":false,\"os\":\"Windows\",\"instanceId\":19496,\"browser\":{\"name\":\"chrome\",\"version\":\"100.0.4896.60\"},\"message\":[\"Error: Timeout - Async callback was not invoked within timeout specified by jasmine.DEFAULT_TIMEOUT_INTERVAL.\"],\"trace\":[\"Error: Timeout - Async callback was not invoked within timeout specified by jasmine.DEFAULT_TIMEOUT_INTERVAL.\\n    at Timeout._onTimeout (C:\\\\Users\\\\rohith\\\\AppData\\\\Roaming\\\\npm\\\\node_modules\\\\protractor\\\\node_modules\\\\jasmine-core\\\\lib\\\\jasmine-core\\\\jasmine.js:4281:23)\\n    at listOnTimeout (node:internal/timers:559:17)\\n    at processTimers (node:internal/timers:502:7)\"],\"browserLogs\":[{\"level\":\"WARNING\",\"message\":\"https://www.sendgb.com/src/plugins/ion-sound/ion.sound.js?v=6.1.5 9 The AudioContext was not allowed to start. It must be resumed (or created) after a user gesture on the page. https://goo.gl/7K7WLu\",\"timestamp\":1648702386809,\"type\":\"\"}],\"screenShotFile\":\"00ee00d8-00da-00fe-0063-003c00120060.png\",\"timestamp\":1648702384446,\"duration\":34167},{\"description\":\"Testing New Window|Window Handles\",\"passed\":false,\"pending\":false,\"os\":\"Windows\",\"instanceId\":19740,\"browser\":{\"name\":\"chrome\",\"version\":\"100.0.4896.60\"},\"message\":[\"Error: Timeout - Async callback was not invoked within timeout specified by jasmine.DEFAULT_TIMEOUT_INTERVAL.\"],\"trace\":[\"Error: Timeout - Async callback was not invoked within timeout specified by jasmine.DEFAULT_TIMEOUT_INTERVAL.\\n    at Timeout._onTimeout (C:\\\\Users\\\\rohith\\\\AppData\\\\Roaming\\\\npm\\\\node_modules\\\\protractor\\\\node_modules\\\\jasmine-core\\\\lib\\\\jasmine-core\\\\jasmine.js:4281:23)\\n    at listOnTimeout (node:internal/timers:559:17)\\n    at processTimers (node:internal/timers:502:7)\"],\"browserLogs\":[{\"level\":\"SEVERE\",\"message\":\"https://tus.io/demo.html - Access to XMLHttpRequest at 'https://reporting.services.disqus.com/_log/taboola?placement=%7B%22domain%22%3A%20%22https%3A%2F%2Ftus.io%22%2C%20%22experiment%22%3A%20%22network_default%22%2C%20%22position%22%3A%20%22top%22%2C%20%22shortname%22%3A%20%22tusio%22%2C%20%22variant%22%3A%20%22fallthrough%22%7D&is_taboola_named=false&language=en&colorscheme=light&typeface=sans-serif&variant=fallthrough&forum_id=2278359&source_url=https%3A%2F%2Ftus.io%2Fdemo.html&organization_id=1773899&taboola_publisher_name=disqus-widget-safetylevel20longtail09&experiment=network_default&mode=thumbnails-a&position=top&shortname=tusio&referrer_url=https%3A%2F%2Ftus.io%2F&canonical_url&1648702694588' from origin 'https://tus.io' has been blocked by CORS policy: No 'Access-Control-Allow-Origin' header is present on the requested resource.\",\"timestamp\":1648702695832,\"type\":\"\"},{\"level\":\"SEVERE\",\"message\":\"https://reporting.services.disqus.com/_log/taboola?placement=%7B%22domain%22%3A%20%22https%3A%2F%2Ftus.io%22%2C%20%22experiment%22%3A%20%22network_default%22%2C%20%22position%22%3A%20%22top%22%2C%20%22shortname%22%3A%20%22tusio%22%2C%20%22variant%22%3A%20%22fallthrough%22%7D&is_taboola_named=false&language=en&colorscheme=light&typeface=sans-serif&variant=fallthrough&forum_id=2278359&source_url=https%3A%2F%2Ftus.io%2Fdemo.html&organization_id=1773899&taboola_publisher_name=disqus-widget-safetylevel20longtail09&experiment=network_default&mode=thumbnails-a&position=top&shortname=tusio&referrer_url=https%3A%2F%2Ftus.io%2F&canonical_url&1648702694588 - Failed to load resource: net::ERR_FAILED\",\"timestamp\":1648702695833,\"type\":\"\"},{\"level\":\"SEVERE\",\"message\":\"https://tus.io/demo.html - Access to XMLHttpRequest at 'https://reporting.services.disqus.com/_log/taboola?placement=%7B%22domain%22%3A%20%22https%3A%2F%2Ftus.io%22%2C%20%22experiment%22%3A%20%22network_default%22%2C%20%22position%22%3A%20%22bottom%22%2C%20%22shortname%22%3A%20%22tusio%22%2C%20%22variant%22%3A%20%22fallthrough%22%7D&is_taboola_named=false&language=en&colorscheme=light&typeface=sans-serif&variant=fallthrough&forum_id=2278359&source_url=https%3A%2F%2Ftus.io%2Fdemo.html&organization_id=1773899&taboola_publisher_name=disqus-widget-safetylevel20longtail09&experiment=network_default&mode=thumbnails-b&position=bottom&shortname=tusio&referrer_url=https%3A%2F%2Ftus.io%2F&canonical_url&1648702694597' from origin 'https://tus.io' has been blocked by CORS policy: No 'Access-Control-Allow-Origin' header is present on the requested resource.\",\"timestamp\":1648702695833,\"type\":\"\"},{\"level\":\"SEVERE\",\"message\":\"https://reporting.services.disqus.com/_log/taboola?placement=%7B%22domain%22%3A%20%22https%3A%2F%2Ftus.io%22%2C%20%22experiment%22%3A%20%22network_default%22%2C%20%22position%22%3A%20%22bottom%22%2C%20%22shortname%22%3A%20%22tusio%22%2C%20%22variant%22%3A%20%22fallthrough%22%7D&is_taboola_named=false&language=en&colorscheme=light&typeface=sans-serif&variant=fallthrough&forum_id=2278359&source_url=https%3A%2F%2Ftus.io%2Fdemo.html&organization_id=1773899&taboola_publisher_name=disqus-widget-safetylevel20longtail09&experiment=network_default&mode=thumbnails-b&position=bottom&shortname=tusio&referrer_url=https%3A%2F%2Ftus.io%2F&canonical_url&1648702694597 - Failed to load resource: net::ERR_FAILED\",\"timestamp\":1648702695838,\"type\":\"\"},{\"level\":\"SEVERE\",\"message\":\"https://ps.eyeota.net/match/bounce/?gdpr=0&gdpr_consent=&bid=1mpr7m0&r=https%3A%2F%2Fid5-sync.com%2Fc%2F464%2F123%2F1%2F7.gif%3Fpuid%3D%7BUUID%7D%26gdpr%3D0%26gdpr_consent%3D - Failed to load resource: net::ERR_TOO_MANY_REDIRECTS\",\"timestamp\":1648702719531,\"type\":\"\"},{\"level\":\"SEVERE\",\"message\":\"https://sync.crwdcntrl.net/map/ct=y/c=13953/tp=IDFI/gdpr=0/gdpr_consent=?https://id5-sync.com/c/464/19/0/8.gif?puid=${profile_id}&gdpr=0&gdpr_consent= - Failed to load resource: net::ERR_TOO_MANY_REDIRECTS\",\"timestamp\":1648702719531,\"type\":\"\"}],\"screenShotFile\":\"008d0087-0067-0015-00b4-00ab006400e7.png\",\"timestamp\":1648702692026,\"duration\":37658},{\"description\":\"Testing New Window|Window Handles\",\"passed\":false,\"pending\":false,\"os\":\"Windows\",\"instanceId\":7208,\"browser\":{\"name\":\"chrome\",\"version\":\"100.0.4896.60\"},\"message\":[\"Error: Timeout - Async callback was not invoked within timeout specified by jasmine.DEFAULT_TIMEOUT_INTERVAL.\"],\"trace\":[\"Error: Timeout - Async callback was not invoked within timeout specified by jasmine.DEFAULT_TIMEOUT_INTERVAL.\\n    at Timeout._onTimeout (C:\\\\Users\\\\rohith\\\\AppData\\\\Roaming\\\\npm\\\\node_modules\\\\protractor\\\\node_modules\\\\jasmine-core\\\\lib\\\\jasmine-core\\\\jasmine.js:4281:23)\\n    at listOnTimeout (node:internal/timers:559:17)\\n    at processTimers (node:internal/timers:502:7)\"],\"browserLogs\":[{\"level\":\"SEVERE\",\"message\":\"https://tus.io/demo.html - Access to XMLHttpRequest at 'https://reporting.services.disqus.com/_log/taboola?placement=%7B%22domain%22%3A%20%22https%3A%2F%2Ftus.io%22%2C%20%22experiment%22%3A%20%22network_default%22%2C%20%22position%22%3A%20%22top%22%2C%20%22shortname%22%3A%20%22tusio%22%2C%20%22variant%22%3A%20%22fallthrough%22%7D&is_taboola_named=false&language=en&colorscheme=light&typeface=sans-serif&variant=fallthrough&forum_id=2278359&source_url=https%3A%2F%2Ftus.io%2Fdemo.html&organization_id=1773899&taboola_publisher_name=disqus-widget-safetylevel20longtail09&experiment=network_default&mode=thumbnails-a&position=top&shortname=tusio&referrer_url=https%3A%2F%2Ftus.io%2F&canonical_url&1648702745681' from origin 'https://tus.io' has been blocked by CORS policy: No 'Access-Control-Allow-Origin' header is present on the requested resource.\",\"timestamp\":1648702746444,\"type\":\"\"},{\"level\":\"SEVERE\",\"message\":\"https://reporting.services.disqus.com/_log/taboola?placement=%7B%22domain%22%3A%20%22https%3A%2F%2Ftus.io%22%2C%20%22experiment%22%3A%20%22network_default%22%2C%20%22position%22%3A%20%22top%22%2C%20%22shortname%22%3A%20%22tusio%22%2C%20%22variant%22%3A%20%22fallthrough%22%7D&is_taboola_named=false&language=en&colorscheme=light&typeface=sans-serif&variant=fallthrough&forum_id=2278359&source_url=https%3A%2F%2Ftus.io%2Fdemo.html&organization_id=1773899&taboola_publisher_name=disqus-widget-safetylevel20longtail09&experiment=network_default&mode=thumbnails-a&position=top&shortname=tusio&referrer_url=https%3A%2F%2Ftus.io%2F&canonical_url&1648702745681 - Failed to load resource: net::ERR_FAILED\",\"timestamp\":1648702746444,\"type\":\"\"},{\"level\":\"SEVERE\",\"message\":\"https://tus.io/demo.html - Access to XMLHttpRequest at 'https://reporting.services.disqus.com/_log/taboola?placement=%7B%22domain%22%3A%20%22https%3A%2F%2Ftus.io%22%2C%20%22experiment%22%3A%20%22network_default%22%2C%20%22position%22%3A%20%22bottom%22%2C%20%22shortname%22%3A%20%22tusio%22%2C%20%22variant%22%3A%20%22fallthrough%22%7D&is_taboola_named=false&language=en&colorscheme=light&typeface=sans-serif&variant=fallthrough&forum_id=2278359&source_url=https%3A%2F%2Ftus.io%2Fdemo.html&organization_id=1773899&taboola_publisher_name=disqus-widget-safetylevel20longtail09&experiment=network_default&mode=thumbnails-b&position=bottom&shortname=tusio&referrer_url=https%3A%2F%2Ftus.io%2F&canonical_url&1648702745698' from origin 'https://tus.io' has been blocked by CORS policy: No 'Access-Control-Allow-Origin' header is present on the requested resource.\",\"timestamp\":1648702746444,\"type\":\"\"},{\"level\":\"SEVERE\",\"message\":\"https://reporting.services.disqus.com/_log/taboola?placement=%7B%22domain%22%3A%20%22https%3A%2F%2Ftus.io%22%2C%20%22experiment%22%3A%20%22network_default%22%2C%20%22position%22%3A%20%22bottom%22%2C%20%22shortname%22%3A%20%22tusio%22%2C%20%22variant%22%3A%20%22fallthrough%22%7D&is_taboola_named=false&language=en&colorscheme=light&typeface=sans-serif&variant=fallthrough&forum_id=2278359&source_url=https%3A%2F%2Ftus.io%2Fdemo.html&organization_id=1773899&taboola_publisher_name=disqus-widget-safetylevel20longtail09&experiment=network_default&mode=thumbnails-b&position=bottom&shortname=tusio&referrer_url=https%3A%2F%2Ftus.io%2F&canonical_url&1648702745698 - Failed to load resource: net::ERR_FAILED\",\"timestamp\":1648702746444,\"type\":\"\"},{\"level\":\"SEVERE\",\"message\":\"https://ps.eyeota.net/match/bounce/?gdpr=0&gdpr_consent=&bid=1mpr7m0&r=https%3A%2F%2Fid5-sync.com%2Fc%2F464%2F123%2F1%2F7.gif%3Fpuid%3D%7BUUID%7D%26gdpr%3D0%26gdpr_consent%3D - Failed to load resource: net::ERR_TOO_MANY_REDIRECTS\",\"timestamp\":1648702766751,\"type\":\"\"},{\"level\":\"SEVERE\",\"message\":\"https://sync.crwdcntrl.net/map/ct=y/c=13953/tp=IDFI/gdpr=0/gdpr_consent=?https://id5-sync.com/c/464/19/0/8.gif?puid=${profile_id}&gdpr=0&gdpr_consent= - Failed to load resource: net::ERR_TOO_MANY_REDIRECTS\",\"timestamp\":1648702766751,\"type\":\"\"}],\"screenShotFile\":\"0039005c-00a8-000b-0021-00220025001a.png\",\"timestamp\":1648702743794,\"duration\":33078},{\"description\":\"Testing New Window|Window Handles\",\"passed\":false,\"pending\":false,\"os\":\"Windows\",\"instanceId\":5268,\"browser\":{\"name\":\"chrome\",\"version\":\"100.0.4896.60\"},\"message\":[\"Error: Timeout - Async callback was not invoked within timeout specified by jasmine.DEFAULT_TIMEOUT_INTERVAL.\"],\"trace\":[\"Error: Timeout - Async callback was not invoked within timeout specified by jasmine.DEFAULT_TIMEOUT_INTERVAL.\\n    at Timeout._onTimeout (C:\\\\Users\\\\rohith\\\\AppData\\\\Roaming\\\\npm\\\\node_modules\\\\protractor\\\\node_modules\\\\jasmine-core\\\\lib\\\\jasmine-core\\\\jasmine.js:4281:23)\\n    at listOnTimeout (node:internal/timers:559:17)\\n    at processTimers (node:internal/timers:502:7)\"],\"browserLogs\":[{\"level\":\"SEVERE\",\"message\":\"https://tus.io/demo.html - Access to XMLHttpRequest at 'https://reporting.services.disqus.com/_log/taboola?placement=%7B%22domain%22%3A%20%22https%3A%2F%2Ftus.io%22%2C%20%22experiment%22%3A%20%22network_default%22%2C%20%22position%22%3A%20%22top%22%2C%20%22shortname%22%3A%20%22tusio%22%2C%20%22variant%22%3A%20%22fallthrough%22%7D&is_taboola_named=false&language=en&colorscheme=light&typeface=sans-serif&variant=fallthrough&forum_id=2278359&source_url=https%3A%2F%2Ftus.io%2Fdemo.html&organization_id=1773899&taboola_publisher_name=disqus-widget-safetylevel20longtail09&experiment=network_default&mode=thumbnails-a&position=top&shortname=tusio&referrer_url=https%3A%2F%2Ftus.io%2F&canonical_url&1648702847289' from origin 'https://tus.io' has been blocked by CORS policy: No 'Access-Control-Allow-Origin' header is present on the requested resource.\",\"timestamp\":1648702848050,\"type\":\"\"},{\"level\":\"SEVERE\",\"message\":\"https://reporting.services.disqus.com/_log/taboola?placement=%7B%22domain%22%3A%20%22https%3A%2F%2Ftus.io%22%2C%20%22experiment%22%3A%20%22network_default%22%2C%20%22position%22%3A%20%22top%22%2C%20%22shortname%22%3A%20%22tusio%22%2C%20%22variant%22%3A%20%22fallthrough%22%7D&is_taboola_named=false&language=en&colorscheme=light&typeface=sans-serif&variant=fallthrough&forum_id=2278359&source_url=https%3A%2F%2Ftus.io%2Fdemo.html&organization_id=1773899&taboola_publisher_name=disqus-widget-safetylevel20longtail09&experiment=network_default&mode=thumbnails-a&position=top&shortname=tusio&referrer_url=https%3A%2F%2Ftus.io%2F&canonical_url&1648702847289 - Failed to load resource: net::ERR_FAILED\",\"timestamp\":1648702848051,\"type\":\"\"},{\"level\":\"SEVERE\",\"message\":\"https://tus.io/demo.html - Access to XMLHttpRequest at 'https://reporting.services.disqus.com/_log/taboola?placement=%7B%22domain%22%3A%20%22https%3A%2F%2Ftus.io%22%2C%20%22experiment%22%3A%20%22network_default%22%2C%20%22position%22%3A%20%22bottom%22%2C%20%22shortname%22%3A%20%22tusio%22%2C%20%22variant%22%3A%20%22fallthrough%22%7D&is_taboola_named=false&language=en&colorscheme=light&typeface=sans-serif&variant=fallthrough&forum_id=2278359&source_url=https%3A%2F%2Ftus.io%2Fdemo.html&organization_id=1773899&taboola_publisher_name=disqus-widget-safetylevel20longtail09&experiment=network_default&mode=thumbnails-b&position=bottom&shortname=tusio&referrer_url=https%3A%2F%2Ftus.io%2F&canonical_url&1648702847297' from origin 'https://tus.io' has been blocked by CORS policy: No 'Access-Control-Allow-Origin' header is present on the requested resource.\",\"timestamp\":1648702848051,\"type\":\"\"},{\"level\":\"SEVERE\",\"message\":\"https://reporting.services.disqus.com/_log/taboola?placement=%7B%22domain%22%3A%20%22https%3A%2F%2Ftus.io%22%2C%20%22experiment%22%3A%20%22network_default%22%2C%20%22position%22%3A%20%22bottom%22%2C%20%22shortname%22%3A%20%22tusio%22%2C%20%22variant%22%3A%20%22fallthrough%22%7D&is_taboola_named=false&language=en&colorscheme=light&typeface=sans-serif&variant=fallthrough&forum_id=2278359&source_url=https%3A%2F%2Ftus.io%2Fdemo.html&organization_id=1773899&taboola_publisher_name=disqus-widget-safetylevel20longtail09&experiment=network_default&mode=thumbnails-b&position=bottom&shortname=tusio&referrer_url=https%3A%2F%2Ftus.io%2F&canonical_url&1648702847297 - Failed to load resource: net::ERR_FAILED\",\"timestamp\":1648702848051,\"type\":\"\"},{\"level\":\"SEVERE\",\"message\":\"https://match.adsrvr.org/track/cmf/generic?ttd_pid=054f32o&ttd_tpi=1 - Failed to load resource: the server responded with a status of 503 ()\",\"timestamp\":1648702868240,\"type\":\"\"},{\"level\":\"SEVERE\",\"message\":\"https://match.adsrvr.org/track/cmb/generic?ttd_pid=054f32o&ttd_tpi=1 - Failed to load resource: the server responded with a status of 503 ()\",\"timestamp\":1648702868240,\"type\":\"\"},{\"level\":\"SEVERE\",\"message\":\"https://ps.eyeota.net/match?gdpr=0&gdpr_consent=&bid=1mpr7m0&r=https%3A%2F%2Fid5-sync.com%2Fc%2F464%2F123%2F1%2F7.gif%3Fpuid%3D%7BUUID%7D%26gdpr%3D0%26gdpr_consent%3D - Failed to load resource: net::ERR_TOO_MANY_REDIRECTS\",\"timestamp\":1648702868240,\"type\":\"\"},{\"level\":\"SEVERE\",\"message\":\"https://sync.crwdcntrl.net/map/c=13953/tp=IDFI/gdpr=0/gdpr_consent=?https://id5-sync.com/c/464/19/0/8.gif?puid=${profile_id}&gdpr=0&gdpr_consent= - Failed to load resource: net::ERR_TOO_MANY_REDIRECTS\",\"timestamp\":1648702868240,\"type\":\"\"}],\"screenShotFile\":\"00e00089-00f2-00e8-0085-000300cf004f.png\",\"timestamp\":1648702845746,\"duration\":32655},{\"description\":\"Testing New Window|Window Handles\",\"passed\":true,\"pending\":false,\"os\":\"Windows\",\"instanceId\":21428,\"browser\":{\"name\":\"chrome\",\"version\":\"100.0.4896.60\"},\"message\":\"Passed\",\"browserLogs\":[{\"level\":\"SEVERE\",\"message\":\"https://tus.io/demo.html - Access to XMLHttpRequest at 'https://reporting.services.disqus.com/_log/taboola?placement=%7B%22domain%22%3A%20%22https%3A%2F%2Ftus.io%22%2C%20%22experiment%22%3A%20%22network_default%22%2C%20%22position%22%3A%20%22bottom%22%2C%20%22shortname%22%3A%20%22tusio%22%2C%20%22variant%22%3A%20%22fallthrough%22%7D&is_taboola_named=false&language=en&colorscheme=light&typeface=sans-serif&variant=fallthrough&forum_id=2278359&source_url=https%3A%2F%2Ftus.io%2Fdemo.html&organization_id=1773899&taboola_publisher_name=disqus-widget-safetylevel20longtail09&experiment=network_default&mode=thumbnails-b&position=bottom&shortname=tusio&referrer_url=https%3A%2F%2Ftus.io%2F&canonical_url&1648702941868' from origin 'https://tus.io' has been blocked by CORS policy: No 'Access-Control-Allow-Origin' header is present on the requested resource.\",\"timestamp\":1648702942666,\"type\":\"\"},{\"level\":\"SEVERE\",\"message\":\"https://reporting.services.disqus.com/_log/taboola?placement=%7B%22domain%22%3A%20%22https%3A%2F%2Ftus.io%22%2C%20%22experiment%22%3A%20%22network_default%22%2C%20%22position%22%3A%20%22bottom%22%2C%20%22shortname%22%3A%20%22tusio%22%2C%20%22variant%22%3A%20%22fallthrough%22%7D&is_taboola_named=false&language=en&colorscheme=light&typeface=sans-serif&variant=fallthrough&forum_id=2278359&source_url=https%3A%2F%2Ftus.io%2Fdemo.html&organization_id=1773899&taboola_publisher_name=disqus-widget-safetylevel20longtail09&experiment=network_default&mode=thumbnails-b&position=bottom&shortname=tusio&referrer_url=https%3A%2F%2Ftus.io%2F&canonical_url&1648702941868 - Failed to load resource: net::ERR_FAILED\",\"timestamp\":1648702942667,\"type\":\"\"},{\"level\":\"SEVERE\",\"message\":\"https://tus.io/demo.html - Access to XMLHttpRequest at 'https://reporting.services.disqus.com/_log/taboola?placement=%7B%22domain%22%3A%20%22https%3A%2F%2Ftus.io%22%2C%20%22experiment%22%3A%20%22network_default%22%2C%20%22position%22%3A%20%22top%22%2C%20%22shortname%22%3A%20%22tusio%22%2C%20%22variant%22%3A%20%22fallthrough%22%7D&is_taboola_named=false&language=en&colorscheme=light&typeface=sans-serif&variant=fallthrough&forum_id=2278359&source_url=https%3A%2F%2Ftus.io%2Fdemo.html&organization_id=1773899&taboola_publisher_name=disqus-widget-safetylevel20longtail09&experiment=network_default&mode=thumbnails-a&position=top&shortname=tusio&referrer_url=https%3A%2F%2Ftus.io%2F&canonical_url&1648702942039' from origin 'https://tus.io' has been blocked by CORS policy: No 'Access-Control-Allow-Origin' header is present on the requested resource.\",\"timestamp\":1648702942669,\"type\":\"\"},{\"level\":\"SEVERE\",\"message\":\"https://reporting.services.disqus.com/_log/taboola?placement=%7B%22domain%22%3A%20%22https%3A%2F%2Ftus.io%22%2C%20%22experiment%22%3A%20%22network_default%22%2C%20%22position%22%3A%20%22top%22%2C%20%22shortname%22%3A%20%22tusio%22%2C%20%22variant%22%3A%20%22fallthrough%22%7D&is_taboola_named=false&language=en&colorscheme=light&typeface=sans-serif&variant=fallthrough&forum_id=2278359&source_url=https%3A%2F%2Ftus.io%2Fdemo.html&organization_id=1773899&taboola_publisher_name=disqus-widget-safetylevel20longtail09&experiment=network_default&mode=thumbnails-a&position=top&shortname=tusio&referrer_url=https%3A%2F%2Ftus.io%2F&canonical_url&1648702942039 - Failed to load resource: net::ERR_FAILED\",\"timestamp\":1648702942671,\"type\":\"\"},{\"level\":\"SEVERE\",\"message\":\"https://ps.eyeota.net/match/bounce/?gdpr=0&gdpr_consent=&bid=1mpr7m0&r=https%3A%2F%2Fid5-sync.com%2Fc%2F464%2F123%2F1%2F7.gif%3Fpuid%3D%7BUUID%7D%26gdpr%3D0%26gdpr_consent%3D - Failed to load resource: net::ERR_TOO_MANY_REDIRECTS\",\"timestamp\":1648702953200,\"type\":\"\"},{\"level\":\"SEVERE\",\"message\":\"https://sync.crwdcntrl.net/map/ct=y/c=13953/tp=IDFI/gdpr=0/gdpr_consent=?https://id5-sync.com/c/464/19/0/8.gif?puid=${profile_id}&gdpr=0&gdpr_consent= - Failed to load resource: net::ERR_TOO_MANY_REDIRECTS\",\"timestamp\":1648702953200,\"type\":\"\"}],\"timestamp\":1648702940478,\"duration\":12866},{\"description\":\"Testing New Window|Window Handles\",\"passed\":true,\"pending\":false,\"os\":\"Windows\",\"instanceId\":21380,\"browser\":{\"name\":\"chrome\",\"version\":\"100.0.4896.60\"},\"message\":\"Passed\",\"browserLogs\":[{\"level\":\"SEVERE\",\"message\":\"https://tus.io/demo.html - Access to XMLHttpRequest at 'https://reporting.services.disqus.com/_log/taboola?placement=%7B%22domain%22%3A%20%22https%3A%2F%2Ftus.io%22%2C%20%22experiment%22%3A%20%22network_default%22%2C%20%22position%22%3A%20%22top%22%2C%20%22shortname%22%3A%20%22tusio%22%2C%20%22variant%22%3A%20%22fallthrough%22%7D&is_taboola_named=false&language=en&colorscheme=light&typeface=sans-serif&variant=fallthrough&forum_id=2278359&source_url=https%3A%2F%2Ftus.io%2Fdemo.html&organization_id=1773899&taboola_publisher_name=disqus-widget-safetylevel20longtail09&experiment=network_default&mode=thumbnails-a&position=top&shortname=tusio&referrer_url=https%3A%2F%2Ftus.io%2F&canonical_url&1648702996100' from origin 'https://tus.io' has been blocked by CORS policy: No 'Access-Control-Allow-Origin' header is present on the requested resource.\",\"timestamp\":1648702996809,\"type\":\"\"},{\"level\":\"SEVERE\",\"message\":\"https://reporting.services.disqus.com/_log/taboola?placement=%7B%22domain%22%3A%20%22https%3A%2F%2Ftus.io%22%2C%20%22experiment%22%3A%20%22network_default%22%2C%20%22position%22%3A%20%22top%22%2C%20%22shortname%22%3A%20%22tusio%22%2C%20%22variant%22%3A%20%22fallthrough%22%7D&is_taboola_named=false&language=en&colorscheme=light&typeface=sans-serif&variant=fallthrough&forum_id=2278359&source_url=https%3A%2F%2Ftus.io%2Fdemo.html&organization_id=1773899&taboola_publisher_name=disqus-widget-safetylevel20longtail09&experiment=network_default&mode=thumbnails-a&position=top&shortname=tusio&referrer_url=https%3A%2F%2Ftus.io%2F&canonical_url&1648702996100 - Failed to load resource: net::ERR_FAILED\",\"timestamp\":1648702996809,\"type\":\"\"},{\"level\":\"SEVERE\",\"message\":\"https://tus.io/demo.html - Access to XMLHttpRequest at 'https://reporting.services.disqus.com/_log/taboola?placement=%7B%22domain%22%3A%20%22https%3A%2F%2Ftus.io%22%2C%20%22experiment%22%3A%20%22network_default%22%2C%20%22position%22%3A%20%22bottom%22%2C%20%22shortname%22%3A%20%22tusio%22%2C%20%22variant%22%3A%20%22fallthrough%22%7D&is_taboola_named=false&language=en&colorscheme=light&typeface=sans-serif&variant=fallthrough&forum_id=2278359&source_url=https%3A%2F%2Ftus.io%2Fdemo.html&organization_id=1773899&taboola_publisher_name=disqus-widget-safetylevel20longtail09&experiment=network_default&mode=thumbnails-b&position=bottom&shortname=tusio&referrer_url=https%3A%2F%2Ftus.io%2F&canonical_url&1648702996112' from origin 'https://tus.io' has been blocked by CORS policy: No 'Access-Control-Allow-Origin' header is present on the requested resource.\",\"timestamp\":1648702996812,\"type\":\"\"},{\"level\":\"SEVERE\",\"message\":\"https://reporting.services.disqus.com/_log/taboola?placement=%7B%22domain%22%3A%20%22https%3A%2F%2Ftus.io%22%2C%20%22experiment%22%3A%20%22network_default%22%2C%20%22position%22%3A%20%22bottom%22%2C%20%22shortname%22%3A%20%22tusio%22%2C%20%22variant%22%3A%20%22fallthrough%22%7D&is_taboola_named=false&language=en&colorscheme=light&typeface=sans-serif&variant=fallthrough&forum_id=2278359&source_url=https%3A%2F%2Ftus.io%2Fdemo.html&organization_id=1773899&taboola_publisher_name=disqus-widget-safetylevel20longtail09&experiment=network_default&mode=thumbnails-b&position=bottom&shortname=tusio&referrer_url=https%3A%2F%2Ftus.io%2F&canonical_url&1648702996112 - Failed to load resource: net::ERR_FAILED\",\"timestamp\":1648702996812,\"type\":\"\"},{\"level\":\"SEVERE\",\"message\":\"https://id5-sync.com/c/464/123/1/7.gif?puid=17fde5b578d-4a1000001084c61&gdpr=0&gdpr_consent= - Failed to load resource: net::ERR_TOO_MANY_REDIRECTS\",\"timestamp\":1648703007024,\"type\":\"\"},{\"level\":\"SEVERE\",\"message\":\"https://match.prod.bidr.io/cookie-sync/id5 - Failed to load resource: net::ERR_TOO_MANY_REDIRECTS\",\"timestamp\":1648703007024,\"type\":\"\"}],\"timestamp\":1648702994360,\"duration\":17811},{\"description\":\"Testing New Window|Window Handles\",\"passed\":true,\"pending\":false,\"os\":\"Windows\",\"instanceId\":19784,\"browser\":{\"name\":\"chrome\",\"version\":\"100.0.4896.60\"},\"message\":\"Passed\",\"browserLogs\":[{\"level\":\"WARNING\",\"message\":\"https://www.sendgb.com/src/plugins/ion-sound/ion.sound.js?v=6.1.5 9 The AudioContext was not allowed to start. It must be resumed (or created) after a user gesture on the page. https://goo.gl/7K7WLu\",\"timestamp\":1648703126866,\"type\":\"\"}],\"timestamp\":1648703124714,\"duration\":20598},{\"description\":\"Testing New Window|Window Handles\",\"passed\":false,\"pending\":false,\"os\":\"Windows\",\"instanceId\":9528,\"browser\":{\"name\":\"chrome\",\"version\":\"100.0.4896.60\"},\"message\":[\"Failed: unknown error: path is not absolute: ./allure-results/demo.png\\n  (Session info: chrome=100.0.4896.60)\\n  (Driver info: chromedriver=99.0.4844.51 (d537ec02474b5afe23684e7963d538896c63ac77-refs/branch-heads/4844@{#875}),platform=Windows NT 10.0.19044 x86_64)\"],\"trace\":[\"WebDriverError: unknown error: path is not absolute: ./allure-results/demo.png\\n  (Session info: chrome=100.0.4896.60)\\n  (Driver info: chromedriver=99.0.4844.51 (d537ec02474b5afe23684e7963d538896c63ac77-refs/branch-heads/4844@{#875}),platform=Windows NT 10.0.19044 x86_64)\\n    at Object.checkLegacyResponse (C:\\\\Users\\\\rohith\\\\AppData\\\\Roaming\\\\npm\\\\node_modules\\\\protractor\\\\node_modules\\\\selenium-webdriver\\\\lib\\\\error.js:546:15)\\n    at parseHttpResponse (C:\\\\Users\\\\rohith\\\\AppData\\\\Roaming\\\\npm\\\\node_modules\\\\protractor\\\\node_modules\\\\selenium-webdriver\\\\lib\\\\http.js:509:13)\\n    at C:\\\\Users\\\\rohith\\\\AppData\\\\Roaming\\\\npm\\\\node_modules\\\\protractor\\\\node_modules\\\\selenium-webdriver\\\\lib\\\\http.js:441:30\\n    at processTicksAndRejections (node:internal/process/task_queues:96:5)\\nFrom: Task: WebElement.sendKeys()\\n    at Driver.schedule (C:\\\\Users\\\\rohith\\\\AppData\\\\Roaming\\\\npm\\\\node_modules\\\\protractor\\\\node_modules\\\\selenium-webdriver\\\\lib\\\\webdriver.js:807:17)\\n    at WebElement.schedule_ (C:\\\\Users\\\\rohith\\\\AppData\\\\Roaming\\\\npm\\\\node_modules\\\\protractor\\\\node_modules\\\\selenium-webdriver\\\\lib\\\\webdriver.js:2010:25)\\n    at WebElement.sendKeys (C:\\\\Users\\\\rohith\\\\AppData\\\\Roaming\\\\npm\\\\node_modules\\\\protractor\\\\node_modules\\\\selenium-webdriver\\\\lib\\\\webdriver.js:2174:19)\\n    at actionFn (C:\\\\Users\\\\rohith\\\\AppData\\\\Roaming\\\\npm\\\\node_modules\\\\protractor\\\\built\\\\element.js:89:44)\\n    at Array.map (<anonymous>)\\n    at C:\\\\Users\\\\rohith\\\\AppData\\\\Roaming\\\\npm\\\\node_modules\\\\protractor\\\\built\\\\element.js:461:65\\n    at ManagedPromise.invokeCallback_ (C:\\\\Users\\\\rohith\\\\AppData\\\\Roaming\\\\npm\\\\node_modules\\\\protractor\\\\node_modules\\\\selenium-webdriver\\\\lib\\\\promise.js:1376:14)\\n    at TaskQueue.execute_ (C:\\\\Users\\\\rohith\\\\AppData\\\\Roaming\\\\npm\\\\node_modules\\\\protractor\\\\node_modules\\\\selenium-webdriver\\\\lib\\\\promise.js:3084:14)\\n    at TaskQueue.executeNext_ (C:\\\\Users\\\\rohith\\\\AppData\\\\Roaming\\\\npm\\\\node_modules\\\\protractor\\\\node_modules\\\\selenium-webdriver\\\\lib\\\\promise.js:3067:27)\\n    at C:\\\\Users\\\\rohith\\\\AppData\\\\Roaming\\\\npm\\\\node_modules\\\\protractor\\\\node_modules\\\\selenium-webdriver\\\\lib\\\\promise.js:2927:27Error\\n    at ElementArrayFinder.applyAction_ (C:\\\\Users\\\\rohith\\\\AppData\\\\Roaming\\\\npm\\\\node_modules\\\\protractor\\\\built\\\\element.js:459:27)\\n    at ElementArrayFinder.<computed> [as sendKeys] (C:\\\\Users\\\\rohith\\\\AppData\\\\Roaming\\\\npm\\\\node_modules\\\\protractor\\\\built\\\\element.js:91:29)\\n    at ElementFinder.<computed> [as sendKeys] (C:\\\\Users\\\\rohith\\\\AppData\\\\Roaming\\\\npm\\\\node_modules\\\\protractor\\\\built\\\\element.js:831:22)\\n    at C:\\\\Users\\\\rohith\\\\Documents\\\\JavaScripts\\\\ProtractorWithTypeScript\\\\DropDown.ts:23:19\\n    at Generator.next (<anonymous>)\\n    at fulfilled (C:\\\\Users\\\\rohith\\\\Documents\\\\JavaScripts\\\\ProtractorWithTypeScript\\\\JSFile\\\\DropDown.js:5:58)\\nFrom: Task: Run it(\\\"Testing New Window\\\") in control flow\\n    at UserContext.<anonymous> (C:\\\\Users\\\\rohith\\\\AppData\\\\Roaming\\\\npm\\\\node_modules\\\\protractor\\\\node_modules\\\\jasminewd2\\\\index.js:94:19)\\n    at attempt (C:\\\\Users\\\\rohith\\\\AppData\\\\Roaming\\\\npm\\\\node_modules\\\\protractor\\\\node_modules\\\\jasmine-core\\\\lib\\\\jasmine-core\\\\jasmine.js:4297:26)\\n    at QueueRunner.run (C:\\\\Users\\\\rohith\\\\AppData\\\\Roaming\\\\npm\\\\node_modules\\\\protractor\\\\node_modules\\\\jasmine-core\\\\lib\\\\jasmine-core\\\\jasmine.js:4217:20)\\n    at runNext (C:\\\\Users\\\\rohith\\\\AppData\\\\Roaming\\\\npm\\\\node_modules\\\\protractor\\\\node_modules\\\\jasmine-core\\\\lib\\\\jasmine-core\\\\jasmine.js:4257:20)\\n    at C:\\\\Users\\\\rohith\\\\AppData\\\\Roaming\\\\npm\\\\node_modules\\\\protractor\\\\node_modules\\\\jasmine-core\\\\lib\\\\jasmine-core\\\\jasmine.js:4264:13\\n    at C:\\\\Users\\\\rohith\\\\AppData\\\\Roaming\\\\npm\\\\node_modules\\\\protractor\\\\node_modules\\\\jasmine-core\\\\lib\\\\jasmine-core\\\\jasmine.js:4172:9\\n    at C:\\\\Users\\\\rohith\\\\AppData\\\\Roaming\\\\npm\\\\node_modules\\\\protractor\\\\node_modules\\\\jasminewd2\\\\index.js:64:48\\n    at ControlFlow.emit (C:\\\\Users\\\\rohith\\\\AppData\\\\Roaming\\\\npm\\\\node_modules\\\\protractor\\\\node_modules\\\\selenium-webdriver\\\\lib\\\\events.js:62:21)\\n    at ControlFlow.shutdown_ (C:\\\\Users\\\\rohith\\\\AppData\\\\Roaming\\\\npm\\\\node_modules\\\\protractor\\\\node_modules\\\\selenium-webdriver\\\\lib\\\\promise.js:2674:10)\\n    at C:\\\\Users\\\\rohith\\\\AppData\\\\Roaming\\\\npm\\\\node_modules\\\\protractor\\\\node_modules\\\\selenium-webdriver\\\\lib\\\\promise.js:2599:53\\nFrom asynchronous test: \\nError\\n    at Suite.<anonymous> (C:\\\\Users\\\\rohith\\\\Documents\\\\JavaScripts\\\\ProtractorWithTypeScript\\\\DropDown.ts:6:5)\\n    at addSpecsToSuite (C:\\\\Users\\\\rohith\\\\AppData\\\\Roaming\\\\npm\\\\node_modules\\\\protractor\\\\node_modules\\\\jasmine-core\\\\lib\\\\jasmine-core\\\\jasmine.js:1107:25)\\n    at Env.describe (C:\\\\Users\\\\rohith\\\\AppData\\\\Roaming\\\\npm\\\\node_modules\\\\protractor\\\\node_modules\\\\jasmine-core\\\\lib\\\\jasmine-core\\\\jasmine.js:1074:7)\\n    at describe (C:\\\\Users\\\\rohith\\\\AppData\\\\Roaming\\\\npm\\\\node_modules\\\\protractor\\\\node_modules\\\\jasmine-core\\\\lib\\\\jasmine-core\\\\jasmine.js:4399:18)\\n    at Object.<anonymous> (C:\\\\Users\\\\rohith\\\\Documents\\\\JavaScripts\\\\ProtractorWithTypeScript\\\\DropDown.ts:5:1)\\n    at Module._compile (node:internal/modules/cjs/loader:1103:14)\\n    at Object.Module._extensions..js (node:internal/modules/cjs/loader:1157:10)\\n    at Module.load (node:internal/modules/cjs/loader:981:32)\\n    at Function.Module._load (node:internal/modules/cjs/loader:822:12)\"],\"browserLogs\":[{\"level\":\"WARNING\",\"message\":\"https://www.sendgb.com/src/plugins/ion-sound/ion.sound.js?v=6.1.5 9 The AudioContext was not allowed to start. It must be resumed (or created) after a user gesture on the page. https://goo.gl/7K7WLu\",\"timestamp\":1648703232137,\"type\":\"\"}],\"screenShotFile\":\"002d00a7-0023-004c-0013-002d002200c1.png\",\"timestamp\":1648703230240,\"duration\":14997},{\"description\":\"Testing New Window|Window Handles\",\"passed\":false,\"pending\":false,\"os\":\"Windows\",\"instanceId\":14776,\"browser\":{\"name\":\"chrome\",\"version\":\"100.0.4896.60\"},\"message\":[\"Failed: unknown error: path is not absolute: allure-results/demo.png\\n  (Session info: chrome=100.0.4896.60)\\n  (Driver info: chromedriver=99.0.4844.51 (d537ec02474b5afe23684e7963d538896c63ac77-refs/branch-heads/4844@{#875}),platform=Windows NT 10.0.19044 x86_64)\"],\"trace\":[\"WebDriverError: unknown error: path is not absolute: allure-results/demo.png\\n  (Session info: chrome=100.0.4896.60)\\n  (Driver info: chromedriver=99.0.4844.51 (d537ec02474b5afe23684e7963d538896c63ac77-refs/branch-heads/4844@{#875}),platform=Windows NT 10.0.19044 x86_64)\\n    at Object.checkLegacyResponse (C:\\\\Users\\\\rohith\\\\AppData\\\\Roaming\\\\npm\\\\node_modules\\\\protractor\\\\node_modules\\\\selenium-webdriver\\\\lib\\\\error.js:546:15)\\n    at parseHttpResponse (C:\\\\Users\\\\rohith\\\\AppData\\\\Roaming\\\\npm\\\\node_modules\\\\protractor\\\\node_modules\\\\selenium-webdriver\\\\lib\\\\http.js:509:13)\\n    at C:\\\\Users\\\\rohith\\\\AppData\\\\Roaming\\\\npm\\\\node_modules\\\\protractor\\\\node_modules\\\\selenium-webdriver\\\\lib\\\\http.js:441:30\\n    at processTicksAndRejections (node:internal/process/task_queues:96:5)\\nFrom: Task: WebElement.sendKeys()\\n    at Driver.schedule (C:\\\\Users\\\\rohith\\\\AppData\\\\Roaming\\\\npm\\\\node_modules\\\\protractor\\\\node_modules\\\\selenium-webdriver\\\\lib\\\\webdriver.js:807:17)\\n    at WebElement.schedule_ (C:\\\\Users\\\\rohith\\\\AppData\\\\Roaming\\\\npm\\\\node_modules\\\\protractor\\\\node_modules\\\\selenium-webdriver\\\\lib\\\\webdriver.js:2010:25)\\n    at WebElement.sendKeys (C:\\\\Users\\\\rohith\\\\AppData\\\\Roaming\\\\npm\\\\node_modules\\\\protractor\\\\node_modules\\\\selenium-webdriver\\\\lib\\\\webdriver.js:2174:19)\\n    at actionFn (C:\\\\Users\\\\rohith\\\\AppData\\\\Roaming\\\\npm\\\\node_modules\\\\protractor\\\\built\\\\element.js:89:44)\\n    at Array.map (<anonymous>)\\n    at C:\\\\Users\\\\rohith\\\\AppData\\\\Roaming\\\\npm\\\\node_modules\\\\protractor\\\\built\\\\element.js:461:65\\n    at ManagedPromise.invokeCallback_ (C:\\\\Users\\\\rohith\\\\AppData\\\\Roaming\\\\npm\\\\node_modules\\\\protractor\\\\node_modules\\\\selenium-webdriver\\\\lib\\\\promise.js:1376:14)\\n    at TaskQueue.execute_ (C:\\\\Users\\\\rohith\\\\AppData\\\\Roaming\\\\npm\\\\node_modules\\\\protractor\\\\node_modules\\\\selenium-webdriver\\\\lib\\\\promise.js:3084:14)\\n    at TaskQueue.executeNext_ (C:\\\\Users\\\\rohith\\\\AppData\\\\Roaming\\\\npm\\\\node_modules\\\\protractor\\\\node_modules\\\\selenium-webdriver\\\\lib\\\\promise.js:3067:27)\\n    at C:\\\\Users\\\\rohith\\\\AppData\\\\Roaming\\\\npm\\\\node_modules\\\\protractor\\\\node_modules\\\\selenium-webdriver\\\\lib\\\\promise.js:2927:27Error\\n    at ElementArrayFinder.applyAction_ (C:\\\\Users\\\\rohith\\\\AppData\\\\Roaming\\\\npm\\\\node_modules\\\\protractor\\\\built\\\\element.js:459:27)\\n    at ElementArrayFinder.<computed> [as sendKeys] (C:\\\\Users\\\\rohith\\\\AppData\\\\Roaming\\\\npm\\\\node_modules\\\\protractor\\\\built\\\\element.js:91:29)\\n    at ElementFinder.<computed> [as sendKeys] (C:\\\\Users\\\\rohith\\\\AppData\\\\Roaming\\\\npm\\\\node_modules\\\\protractor\\\\built\\\\element.js:831:22)\\n    at C:\\\\Users\\\\rohith\\\\Documents\\\\JavaScripts\\\\ProtractorWithTypeScript\\\\DropDown.ts:23:19\\n    at Generator.next (<anonymous>)\\n    at fulfilled (C:\\\\Users\\\\rohith\\\\Documents\\\\JavaScripts\\\\ProtractorWithTypeScript\\\\JSFile\\\\DropDown.js:5:58)\\nFrom: Task: Run it(\\\"Testing New Window\\\") in control flow\\n    at UserContext.<anonymous> (C:\\\\Users\\\\rohith\\\\AppData\\\\Roaming\\\\npm\\\\node_modules\\\\protractor\\\\node_modules\\\\jasminewd2\\\\index.js:94:19)\\n    at attempt (C:\\\\Users\\\\rohith\\\\AppData\\\\Roaming\\\\npm\\\\node_modules\\\\protractor\\\\node_modules\\\\jasmine-core\\\\lib\\\\jasmine-core\\\\jasmine.js:4297:26)\\n    at QueueRunner.run (C:\\\\Users\\\\rohith\\\\AppData\\\\Roaming\\\\npm\\\\node_modules\\\\protractor\\\\node_modules\\\\jasmine-core\\\\lib\\\\jasmine-core\\\\jasmine.js:4217:20)\\n    at runNext (C:\\\\Users\\\\rohith\\\\AppData\\\\Roaming\\\\npm\\\\node_modules\\\\protractor\\\\node_modules\\\\jasmine-core\\\\lib\\\\jasmine-core\\\\jasmine.js:4257:20)\\n    at C:\\\\Users\\\\rohith\\\\AppData\\\\Roaming\\\\npm\\\\node_modules\\\\protractor\\\\node_modules\\\\jasmine-core\\\\lib\\\\jasmine-core\\\\jasmine.js:4264:13\\n    at C:\\\\Users\\\\rohith\\\\AppData\\\\Roaming\\\\npm\\\\node_modules\\\\protractor\\\\node_modules\\\\jasmine-core\\\\lib\\\\jasmine-core\\\\jasmine.js:4172:9\\n    at C:\\\\Users\\\\rohith\\\\AppData\\\\Roaming\\\\npm\\\\node_modules\\\\protractor\\\\node_modules\\\\jasminewd2\\\\index.js:64:48\\n    at ControlFlow.emit (C:\\\\Users\\\\rohith\\\\AppData\\\\Roaming\\\\npm\\\\node_modules\\\\protractor\\\\node_modules\\\\selenium-webdriver\\\\lib\\\\events.js:62:21)\\n    at ControlFlow.shutdown_ (C:\\\\Users\\\\rohith\\\\AppData\\\\Roaming\\\\npm\\\\node_modules\\\\protractor\\\\node_modules\\\\selenium-webdriver\\\\lib\\\\promise.js:2674:10)\\n    at C:\\\\Users\\\\rohith\\\\AppData\\\\Roaming\\\\npm\\\\node_modules\\\\protractor\\\\node_modules\\\\selenium-webdriver\\\\lib\\\\promise.js:2599:53\\nFrom asynchronous test: \\nError\\n    at Suite.<anonymous> (C:\\\\Users\\\\rohith\\\\Documents\\\\JavaScripts\\\\ProtractorWithTypeScript\\\\DropDown.ts:6:5)\\n    at addSpecsToSuite (C:\\\\Users\\\\rohith\\\\AppData\\\\Roaming\\\\npm\\\\node_modules\\\\protractor\\\\node_modules\\\\jasmine-core\\\\lib\\\\jasmine-core\\\\jasmine.js:1107:25)\\n    at Env.describe (C:\\\\Users\\\\rohith\\\\AppData\\\\Roaming\\\\npm\\\\node_modules\\\\protractor\\\\node_modules\\\\jasmine-core\\\\lib\\\\jasmine-core\\\\jasmine.js:1074:7)\\n    at describe (C:\\\\Users\\\\rohith\\\\AppData\\\\Roaming\\\\npm\\\\node_modules\\\\protractor\\\\node_modules\\\\jasmine-core\\\\lib\\\\jasmine-core\\\\jasmine.js:4399:18)\\n    at Object.<anonymous> (C:\\\\Users\\\\rohith\\\\Documents\\\\JavaScripts\\\\ProtractorWithTypeScript\\\\DropDown.ts:5:1)\\n    at Module._compile (node:internal/modules/cjs/loader:1103:14)\\n    at Object.Module._extensions..js (node:internal/modules/cjs/loader:1157:10)\\n    at Module.load (node:internal/modules/cjs/loader:981:32)\\n    at Function.Module._load (node:internal/modules/cjs/loader:822:12)\"],\"browserLogs\":[{\"level\":\"WARNING\",\"message\":\"https://www.sendgb.com/src/plugins/ion-sound/ion.sound.js?v=6.1.5 9 The AudioContext was not allowed to start. It must be resumed (or created) after a user gesture on the page. https://goo.gl/7K7WLu\",\"timestamp\":1648703326704,\"type\":\"\"}],\"screenShotFile\":\"00d1009d-0074-009c-00c1-007b00de007e.png\",\"timestamp\":1648703324458,\"duration\":14465},{\"description\":\"Testing New Window|Window Handles\",\"passed\":true,\"pending\":false,\"os\":\"Windows\",\"instanceId\":18256,\"browser\":{\"name\":\"chrome\",\"version\":\"100.0.4896.60\"},\"message\":\"Passed\",\"browserLogs\":[{\"level\":\"WARNING\",\"message\":\"https://www.sendgb.com/src/plugins/ion-sound/ion.sound.js?v=6.1.5 9 The AudioContext was not allowed to start. It must be resumed (or created) after a user gesture on the page. https://goo.gl/7K7WLu\",\"timestamp\":1648703357866,\"type\":\"\"}],\"timestamp\":1648703356059,\"duration\":20230}]"
